<?xml version="1.0" encoding="UTF-8"?>
<testsuite name="com.lss.dao.GirlRepositoryTest" time="0.001" tests="1" errors="1" skipped="0" failures="0">
  <properties>
[...]
</properties>
  <testcase name="initializationError" classname="com.lss.dao.GirlRepositoryTest" time="0.001">
    <error message="Unable to find a @SpringBootConfiguration, you need to use @ContextConfiguration or @SpringBootTest(classes=...) with your test" type="java.lang.IllegalStateException"><![CDATA[java.lang.IllegalStateException: Unable to find a @SpringBootConfiguration, you need to use @ContextConfiguration or @SpringBootTest(classes=...) with your test
	at org.springframework.util.Assert.state(Assert.java:70)
	at org.springframework.boot.test.context.SpringBootTestContextBootstrapper.getOrFindConfigurationClasses(SpringBootTestContextBootstrapper.java:202)
	at org.springframework.boot.test.context.SpringBootTestContextBootstrapper.processMergedContextConfiguration(SpringBootTestContextBootstrapper.java:137)
	at org.springframework.test.context.support.AbstractTestContextBootstrapper.buildMergedContextConfiguration(AbstractTestContextBootstrapper.java:397)
	at org.springframework.test.context.support.AbstractTestContextBootstrapper.buildDefaultMergedContextConfiguration(AbstractTestContextBootstrapper.java:311)
	at org.springframework.test.context.support.AbstractTestContextBootstrapper.buildMergedContextConfiguration(AbstractTestContextBootstrapper.java:265)
	at org.springframework.test.context.support.AbstractTestContextBootstrapper.buildTestContext(AbstractTestContextBootstrapper.java:105)
	at org.springframework.boot.test.context.SpringBootTestContextBootstrapper.buildTestContext(SpringBootTestContextBootstrapper.java:82)
	at org.springframework.test.context.TestContextManager.<init>(TestContextManager.java:120)
	at org.springframework.test.context.TestContextManager.<init>(TestContextManager.java:105)
	at org.springframework.test.context.junit4.SpringJUnit4ClassRunner.createTestContextManager(SpringJUnit4ClassRunner.java:152)
	at org.springframework.test.context.junit4.SpringJUnit4ClassRunner.<init>(SpringJUnit4ClassRunner.java:143)
	at org.springframework.test.context.junit4.SpringRunner.<init>(SpringRunner.java:49)
	at sun.reflect.NativeConstructorAccessorImpl.newInstance0(Native Method)
	at sun.reflect.NativeConstructorAccessorImpl.newInstance(NativeConstructorAccessorImpl.java:62)
	at sun.reflect.DelegatingConstructorAccessorImpl.newInstance(DelegatingConstructorAccessorImpl.java:45)
	at java.lang.reflect.Constructor.newInstance(Constructor.java:423)
	at org.junit.internal.builders.AnnotatedBuilder.buildRunner(AnnotatedBuilder.java:104)
	at org.junit.internal.builders.AnnotatedBuilder.runnerForClass(AnnotatedBuilder.java:86)
	at org.junit.runners.model.RunnerBuilder.safeRunnerForClass(RunnerBuilder.java:59)
	at org.junit.internal.builders.AllDefaultPossibilitiesBuilder.runnerForClass(AllDefaultPossibilitiesBuilder.java:26)
	at org.junit.runners.model.RunnerBuilder.safeRunnerForClass(RunnerBuilder.java:59)
	at org.junit.internal.requests.ClassRequest.getRunner(ClassRequest.java:33)
	at org.apache.maven.surefire.junit4.JUnit4Provider.execute(JUnit4Provider.java:283)
	at org.apache.maven.surefire.junit4.JUnit4Provider.executeWithRerun(JUnit4Provider.java:173)
	at org.apache.maven.surefire.junit4.JUnit4Provider.executeTestSet(JUnit4Provider.java:153)
	at org.apache.maven.surefire.junit4.JUnit4Provider.invoke(JUnit4Provider.java:128)
	at org.apache.maven.surefire.booter.ForkedBooter.invokeProviderInSameClassLoader(ForkedBooter.java:203)
	at org.apache.maven.surefire.booter.ForkedBooter.runSuitesInProcess(ForkedBooter.java:155)
	at org.apache.maven.surefire.booter.ForkedBooter.main(ForkedBooter.java:103)
]]></error>
    <system-out><![CDATA[16:17:41.974 [main] DEBUG org.springframework.test.context.junit4.SpringJUnit4ClassRunner - SpringJUnit4ClassRunner constructor called with [class com.lss.dao.GirlRepositoryTest]
16:17:42.004 [main] DEBUG org.springframework.test.context.BootstrapUtils - Instantiating CacheAwareContextLoaderDelegate from class [org.springframework.test.context.cache.DefaultCacheAwareContextLoaderDelegate]
16:17:42.026 [main] DEBUG org.springframework.test.context.BootstrapUtils - Instantiating BootstrapContext using constructor [public org.springframework.test.context.support.DefaultBootstrapContext(java.lang.Class,org.springframework.test.context.CacheAwareContextLoaderDelegate)]
16:17:42.119 [main] DEBUG org.springframework.test.context.BootstrapUtils - Instantiating TestContextBootstrapper for test class [com.lss.dao.GirlRepositoryTest] from class [org.springframework.boot.test.context.SpringBootTestContextBootstrapper]
16:17:42.136 [main] INFO org.springframework.boot.test.context.SpringBootTestContextBootstrapper - Neither @ContextConfiguration nor @ContextHierarchy found for test class [com.lss.dao.GirlRepositoryTest], using SpringBootContextLoader
16:17:42.147 [main] DEBUG org.springframework.test.context.support.AbstractContextLoader - Did not detect default resource location for test class [com.lss.dao.GirlRepositoryTest]: class path resource [com/lss/dao/GirlRepositoryTest-context.xml] does not exist
16:17:42.149 [main] DEBUG org.springframework.test.context.support.AbstractContextLoader - Did not detect default resource location for test class [com.lss.dao.GirlRepositoryTest]: class path resource [com/lss/dao/GirlRepositoryTestContext.groovy] does not exist
16:17:42.150 [main] INFO org.springframework.test.context.support.AbstractContextLoader - Could not detect default resource locations for test class [com.lss.dao.GirlRepositoryTest]: no resource found for suffixes {-context.xml, Context.groovy}.
16:17:42.154 [main] INFO org.springframework.test.context.support.AnnotationConfigContextLoaderUtils - Could not detect default configuration classes for test class [com.lss.dao.GirlRepositoryTest]: GirlRepositoryTest does not declare any static, non-private, non-final, nested classes annotated with @Configuration.
16:17:42.280 [main] DEBUG org.springframework.test.context.support.ActiveProfilesUtils - Could not find an 'annotation declaring class' for annotation type [org.springframework.test.context.ActiveProfiles] and class [com.lss.dao.GirlRepositoryTest]
16:17:42.293 [main] DEBUG org.springframework.core.env.StandardEnvironment - Adding PropertySource 'systemProperties' with lowest search precedence
16:17:42.293 [main] DEBUG org.springframework.core.env.StandardEnvironment - Adding PropertySource 'systemEnvironment' with lowest search precedence
16:17:42.294 [main] DEBUG org.springframework.core.env.StandardEnvironment - Initialized StandardEnvironment with PropertySources [MapPropertySource@1752203484 {name='systemProperties', properties={idea.version=2016.3.5, java.runtime.name=Java(TM) SE Runtime Environment, sun.boot.library.path=C:\Program Files\Java\jdk1.8.0_91\jre\bin, java.vm.version=25.91-b15, java.vm.vendor=Oracle Corporation, java.vendor.url=http://java.oracle.com/, path.separator=;, java.vm.name=Java HotSpot(TM) 64-Bit Server VM, file.encoding.pkg=sun.io, user.country=CN, user.script=, sun.java.launcher=SUN_STANDARD, sun.os.patch.level=, java.vm.specification.name=Java Virtual Machine Specification, user.dir=D:\workspace\idea\girls, java.runtime.version=1.8.0_91-b15, basedir=D:\workspace\idea\girls, java.awt.graphicsenv=sun.awt.Win32GraphicsEnvironment, java.endorsed.dirs=C:\Program Files\Java\jdk1.8.0_91\jre\lib\endorsed, os.arch=amd64, surefire.real.class.path=D:\workspace\idea\girls\target\surefire\surefirebooter449553205229506414.jar, java.io.tmpdir=C:\Users\Magic\AppData\Local\Temp\, line.separator=
, java.vm.specification.vendor=Oracle Corporation, user.variant=, os.name=Windows 10, sun.jnu.encoding=GBK, java.library.path=C:\Program Files\Java\jdk1.8.0_91\jre\bin;C:\WINDOWS\Sun\Java\bin;C:\WINDOWS\system32;C:\WINDOWS;C:\ProgramData\Oracle\Java\javapath;C:\Program Files (x86)\Intel\iCLS Client\;C:\Program Files\Intel\iCLS Client\;C:\Windows\system32;C:\Windows;C:\Windows\System32\Wbem;C:\Windows\System32\WindowsPowerShell\v1.0\;C:\Program Files (x86)\NVIDIA Corporation\PhysX\Common;C:\Program Files (x86)\Intel\Intel(R) Management Engine Components\DAL;C:\Program Files\Intel\Intel(R) Management Engine Components\DAL;C:\Program Files (x86)\Intel\Intel(R) Management Engine Components\IPT;C:\Program Files\Intel\Intel(R) Management Engine Components\IPT;C:\Program Files\Java\jdk1.8.0_91\bin;C:\Program Files\Java\jdk1.8.0_91\jre\bin;C:\WINDOWS\system32;C:\WINDOWS;C:\WINDOWS\System32\Wbem;C:\WINDOWS\System32\WindowsPowerShell\v1.0\;D:\plug\maven\apache-maven-3.5.0\bin;D:\Program Files (x86)\mysql;C:\Program Files\Intel\WiFi\bin\;C:\Program Files\Common Files\Intel\WirelessCommon\;C:\Program Files\TortoiseSVN\bin;C:\Users\Magic\AppData\Local\Microsoft\WindowsApps;D:\Program Files\Bandizip\;C:\Program Files\Intel\WiFi\bin\;C:\Program Files\Common Files\Intel\WirelessCommon\;;., surefire.test.class.path=D:\workspace\idea\girls\target\test-classes;D:\workspace\idea\girls\target\classes;D:\workspace\idea\girls\plug\maven\repo\org\springframework\boot\spring-boot-starter-data-jpa\1.5.10.RELEASE\spring-boot-starter-data-jpa-1.5.10.RELEASE.jar;D:\workspace\idea\girls\plug\maven\repo\org\springframework\boot\spring-boot-starter\1.5.10.RELEASE\spring-boot-starter-1.5.10.RELEASE.jar;D:\workspace\idea\girls\plug\maven\repo\org\springframework\boot\spring-boot\1.5.10.RELEASE\spring-boot-1.5.10.RELEASE.jar;D:\workspace\idea\girls\plug\maven\repo\org\springframework\boot\spring-boot-autoconfigure\1.5.10.RELEASE\spring-boot-autoconfigure-1.5.10.RELEASE.jar;D:\workspace\idea\girls\plug\maven\repo\org\springframework\boot\spring-boot-starter-logging\1.5.10.RELEASE\spring-boot-starter-logging-1.5.10.RELEASE.jar;D:\workspace\idea\girls\plug\maven\repo\ch\qos\logback\logback-classic\1.1.11\logback-classic-1.1.11.jar;D:\workspace\idea\girls\plug\maven\repo\ch\qos\logback\logback-core\1.1.11\logback-core-1.1.11.jar;D:\workspace\idea\girls\plug\maven\repo\org\slf4j\jul-to-slf4j\1.7.25\jul-to-slf4j-1.7.25.jar;D:\workspace\idea\girls\plug\maven\repo\org\slf4j\log4j-over-slf4j\1.7.25\log4j-over-slf4j-1.7.25.jar;D:\workspace\idea\girls\plug\maven\repo\org\yaml\snakeyaml\1.17\snakeyaml-1.17.jar;D:\workspace\idea\girls\plug\maven\repo\org\springframework\boot\spring-boot-starter-aop\1.5.10.RELEASE\spring-boot-starter-aop-1.5.10.RELEASE.jar;D:\workspace\idea\girls\plug\maven\repo\org\springframework\spring-aop\4.3.14.RELEASE\spring-aop-4.3.14.RELEASE.jar;D:\workspace\idea\girls\plug\maven\repo\org\aspectj\aspectjweaver\1.8.13\aspectjweaver-1.8.13.jar;D:\workspace\idea\girls\plug\maven\repo\org\springframework\boot\spring-boot-starter-jdbc\1.5.10.RELEASE\spring-boot-starter-jdbc-1.5.10.RELEASE.jar;D:\workspace\idea\girls\plug\maven\repo\org\apache\tomcat\tomcat-jdbc\8.5.27\tomcat-jdbc-8.5.27.jar;D:\workspace\idea\girls\plug\maven\repo\org\apache\tomcat\tomcat-juli\8.5.27\tomcat-juli-8.5.27.jar;D:\workspace\idea\girls\plug\maven\repo\org\springframework\spring-jdbc\4.3.14.RELEASE\spring-jdbc-4.3.14.RELEASE.jar;D:\workspace\idea\girls\plug\maven\repo\org\hibernate\hibernate-core\5.0.12.Final\hibernate-core-5.0.12.Final.jar;D:\workspace\idea\girls\plug\maven\repo\org\jboss\logging\jboss-logging\3.3.1.Final\jboss-logging-3.3.1.Final.jar;D:\workspace\idea\girls\plug\maven\repo\org\hibernate\javax\persistence\hibernate-jpa-2.1-api\1.0.0.Final\hibernate-jpa-2.1-api-1.0.0.Final.jar;D:\workspace\idea\girls\plug\maven\repo\org\javassist\javassist\3.21.0-GA\javassist-3.21.0-GA.jar;D:\workspace\idea\girls\plug\maven\repo\antlr\antlr\2.7.7\antlr-2.7.7.jar;D:\workspace\idea\girls\plug\maven\repo\org\jboss\jandex\2.0.0.Final\jandex-2.0.0.Final.jar;D:\workspace\idea\girls\plug\maven\repo\dom4j\dom4j\1.6.1\dom4j-1.6.1.jar;D:\workspace\idea\girls\plug\maven\repo\org\hibernate\common\hibernate-commons-annotations\5.0.1.Final\hibernate-commons-annotations-5.0.1.Final.jar;D:\workspace\idea\girls\plug\maven\repo\org\hibernate\hibernate-entitymanager\5.0.12.Final\hibernate-entitymanager-5.0.12.Final.jar;D:\workspace\idea\girls\plug\maven\repo\javax\transaction\javax.transaction-api\1.2\javax.transaction-api-1.2.jar;D:\workspace\idea\girls\plug\maven\repo\org\springframework\data\spring-data-jpa\1.11.10.RELEASE\spring-data-jpa-1.11.10.RELEASE.jar;D:\workspace\idea\girls\plug\maven\repo\org\springframework\data\spring-data-commons\1.13.10.RELEASE\spring-data-commons-1.13.10.RELEASE.jar;D:\workspace\idea\girls\plug\maven\repo\org\springframework\spring-orm\4.3.14.RELEASE\spring-orm-4.3.14.RELEASE.jar;D:\workspace\idea\girls\plug\maven\repo\org\springframework\spring-context\4.3.14.RELEASE\spring-context-4.3.14.RELEASE.jar;D:\workspace\idea\girls\plug\maven\repo\org\springframework\spring-tx\4.3.14.RELEASE\spring-tx-4.3.14.RELEASE.jar;D:\workspace\idea\girls\plug\maven\repo\org\springframework\spring-beans\4.3.14.RELEASE\spring-beans-4.3.14.RELEASE.jar;D:\workspace\idea\girls\plug\maven\repo\org\slf4j\jcl-over-slf4j\1.7.25\jcl-over-slf4j-1.7.25.jar;D:\workspace\idea\girls\plug\maven\repo\org\springframework\spring-aspects\4.3.14.RELEASE\spring-aspects-4.3.14.RELEASE.jar;D:\workspace\idea\girls\plug\maven\repo\org\springframework\boot\spring-boot-starter-data-redis\1.5.10.RELEASE\spring-boot-starter-data-redis-1.5.10.RELEASE.jar;D:\workspace\idea\girls\plug\maven\repo\org\springframework\data\spring-data-redis\1.8.10.RELEASE\spring-data-redis-1.8.10.RELEASE.jar;D:\workspace\idea\girls\plug\maven\repo\org\springframework\data\spring-data-keyvalue\1.2.10.RELEASE\spring-data-keyvalue-1.2.10.RELEASE.jar;D:\workspace\idea\girls\plug\maven\repo\org\springframework\spring-oxm\4.3.14.RELEASE\spring-oxm-4.3.14.RELEASE.jar;D:\workspace\idea\girls\plug\maven\repo\org\springframework\spring-context-support\4.3.14.RELEASE\spring-context-support-4.3.14.RELEASE.jar;D:\workspace\idea\girls\plug\maven\repo\redis\clients\jedis\2.9.0\jedis-2.9.0.jar;D:\workspace\idea\girls\plug\maven\repo\org\springframework\boot\spring-boot-starter-web\1.5.10.RELEASE\spring-boot-starter-web-1.5.10.RELEASE.jar;D:\workspace\idea\girls\plug\maven\repo\org\springframework\boot\spring-boot-starter-tomcat\1.5.10.RELEASE\spring-boot-starter-tomcat-1.5.10.RELEASE.jar;D:\workspace\idea\girls\plug\maven\repo\org\apache\tomcat\embed\tomcat-embed-core\8.5.27\tomcat-embed-core-8.5.27.jar;D:\workspace\idea\girls\plug\maven\repo\org\apache\tomcat\tomcat-annotations-api\8.5.27\tomcat-annotations-api-8.5.27.jar;D:\workspace\idea\girls\plug\maven\repo\org\apache\tomcat\embed\tomcat-embed-el\8.5.27\tomcat-embed-el-8.5.27.jar;D:\workspace\idea\girls\plug\maven\repo\org\apache\tomcat\embed\tomcat-embed-websocket\8.5.27\tomcat-embed-websocket-8.5.27.jar;D:\workspace\idea\girls\plug\maven\repo\org\hibernate\hibernate-validator\5.3.6.Final\hibernate-validator-5.3.6.Final.jar;D:\workspace\idea\girls\plug\maven\repo\javax\validation\validation-api\1.1.0.Final\validation-api-1.1.0.Final.jar;D:\workspace\idea\girls\plug\maven\repo\com\fasterxml\jackson\core\jackson-databind\2.8.10\jackson-databind-2.8.10.jar;D:\workspace\idea\girls\plug\maven\repo\com\fasterxml\jackson\core\jackson-annotations\2.8.0\jackson-annotations-2.8.0.jar;D:\workspace\idea\girls\plug\maven\repo\com\fasterxml\jackson\core\jackson-core\2.8.10\jackson-core-2.8.10.jar;D:\workspace\idea\girls\plug\maven\repo\org\springframework\spring-web\4.3.14.RELEASE\spring-web-4.3.14.RELEASE.jar;D:\workspace\idea\girls\plug\maven\repo\org\springframework\spring-webmvc\4.3.14.RELEASE\spring-webmvc-4.3.14.RELEASE.jar;D:\workspace\idea\girls\plug\maven\repo\org\springframework\spring-expression\4.3.14.RELEASE\spring-expression-4.3.14.RELEASE.jar;D:\workspace\idea\girls\plug\maven\repo\mysql\mysql-connector-java\5.1.45\mysql-connector-java-5.1.45.jar;D:\workspace\idea\girls\plug\maven\repo\org\springframework\boot\spring-boot-starter-test\1.5.10.RELEASE\spring-boot-starter-test-1.5.10.RELEASE.jar;D:\workspace\idea\girls\plug\maven\repo\org\springframework\boot\spring-boot-test\1.5.10.RELEASE\spring-boot-test-1.5.10.RELEASE.jar;D:\workspace\idea\girls\plug\maven\repo\org\springframework\boot\spring-boot-test-autoconfigure\1.5.10.RELEASE\spring-boot-test-autoconfigure-1.5.10.RELEASE.jar;D:\workspace\idea\girls\plug\maven\repo\com\jayway\jsonpath\json-path\2.2.0\json-path-2.2.0.jar;D:\workspace\idea\girls\plug\maven\repo\net\minidev\json-smart\2.2.1\json-smart-2.2.1.jar;D:\workspace\idea\girls\plug\maven\repo\net\minidev\accessors-smart\1.1\accessors-smart-1.1.jar;D:\workspace\idea\girls\plug\maven\repo\org\ow2\asm\asm\5.0.3\asm-5.0.3.jar;D:\workspace\idea\girls\plug\maven\repo\junit\junit\4.12\junit-4.12.jar;D:\workspace\idea\girls\plug\maven\repo\org\assertj\assertj-core\2.6.0\assertj-core-2.6.0.jar;D:\workspace\idea\girls\plug\maven\repo\org\mockito\mockito-core\1.10.19\mockito-core-1.10.19.jar;D:\workspace\idea\girls\plug\maven\repo\org\objenesis\objenesis\2.1\objenesis-2.1.jar;D:\workspace\idea\girls\plug\maven\repo\org\hamcrest\hamcrest-core\1.3\hamcrest-core-1.3.jar;D:\workspace\idea\girls\plug\maven\repo\org\hamcrest\hamcrest-library\1.3\hamcrest-library-1.3.jar;D:\workspace\idea\girls\plug\maven\repo\org\skyscreamer\jsonassert\1.4.0\jsonassert-1.4.0.jar;D:\workspace\idea\girls\plug\maven\repo\com\vaadin\external\google\android-json\0.0.20131108.vaadin1\android-json-0.0.20131108.vaadin1.jar;D:\workspace\idea\girls\plug\maven\repo\org\springframework\spring-core\4.3.14.RELEASE\spring-core-4.3.14.RELEASE.jar;D:\workspace\idea\girls\plug\maven\repo\org\springframework\spring-test\4.3.14.RELEASE\spring-test-4.3.14.RELEASE.jar;D:\workspace\idea\girls\plug\maven\repo\org\apache\commons\commons-lang3\3.6\commons-lang3-3.6.jar;D:\workspace\idea\girls\plug\maven\repo\net\oschina\zcx7878\fastdfs-client-java\1.27.0.0\fastdfs-client-java-1.27.0.0.jar;D:\workspace\idea\girls\plug\maven\repo\org\springframework\session\spring-session-data-redis\1.3.1.RELEASE\spring-session-data-redis-1.3.1.RELEASE.jar;D:\workspace\idea\girls\plug\maven\repo\org\apache\commons\commons-pool2\2.4.3\commons-pool2-2.4.3.jar;D:\workspace\idea\girls\plug\maven\repo\org\springframework\session\spring-session\1.3.1.RELEASE\spring-session-1.3.1.RELEASE.jar;D:\workspace\idea\girls\plug\maven\repo\io\springfox\springfox-swagger2\2.8.0\springfox-swagger2-2.8.0.jar;D:\workspace\idea\girls\plug\maven\repo\io\swagger\swagger-annotations\1.5.14\swagger-annotations-1.5.14.jar;D:\workspace\idea\girls\plug\maven\repo\io\swagger\swagger-models\1.5.14\swagger-models-1.5.14.jar;D:\workspace\idea\girls\plug\maven\repo\io\springfox\springfox-spi\2.8.0\springfox-spi-2.8.0.jar;D:\workspace\idea\girls\plug\maven\repo\io\springfox\springfox-core\2.8.0\springfox-core-2.8.0.jar;D:\workspace\idea\girls\plug\maven\repo\net\bytebuddy\byte-buddy\1.7.9\byte-buddy-1.7.9.jar;D:\workspace\idea\girls\plug\maven\repo\io\springfox\springfox-schema\2.8.0\springfox-schema-2.8.0.jar;D:\workspace\idea\girls\plug\maven\repo\io\springfox\springfox-swagger-common\2.8.0\springfox-swagger-common-2.8.0.jar;D:\workspace\idea\girls\plug\maven\repo\io\springfox\springfox-spring-web\2.8.0\springfox-spring-web-2.8.0.jar;D:\workspace\idea\girls\plug\maven\repo\org\reflections\reflections\0.9.11\reflections-0.9.11.jar;D:\workspace\idea\girls\plug\maven\repo\com\google\guava\guava\20.0\guava-20.0.jar;D:\workspace\idea\girls\plug\maven\repo\com\fasterxml\classmate\1.3.4\classmate-1.3.4.jar;D:\workspace\idea\girls\plug\maven\repo\org\slf4j\slf4j-api\1.7.25\slf4j-api-1.7.25.jar;D:\workspace\idea\girls\plug\maven\repo\org\springframework\plugin\spring-plugin-core\1.2.0.RELEASE\spring-plugin-core-1.2.0.RELEASE.jar;D:\workspace\idea\girls\plug\maven\repo\org\springframework\plugin\spring-plugin-metadata\1.2.0.RELEASE\spring-plugin-metadata-1.2.0.RELEASE.jar;D:\workspace\idea\girls\plug\maven\repo\org\mapstruct\mapstruct\1.2.0.Final\mapstruct-1.2.0.Final.jar;D:\workspace\idea\girls\plug\maven\repo\io\springfox\springfox-swagger-ui\2.8.0\springfox-swagger-ui-2.8.0.jar;, java.specification.name=Java Platform API Specification, java.class.version=52.0, sun.management.compiler=HotSpot 64-Bit Tiered Compilers, os.version=10.0, user.home=C:\Users\Magic, user.timezone=Asia/Shanghai, java.awt.printerjob=sun.awt.windows.WPrinterJob, file.encoding=GBK, java.specification.version=1.8, java.class.path=D:\workspace\idea\girls\target\test-classes;D:\workspace\idea\girls\target\classes;D:\workspace\idea\girls\plug\maven\repo\org\springframework\boot\spring-boot-starter-data-jpa\1.5.10.RELEASE\spring-boot-starter-data-jpa-1.5.10.RELEASE.jar;D:\workspace\idea\girls\plug\maven\repo\org\springframework\boot\spring-boot-starter\1.5.10.RELEASE\spring-boot-starter-1.5.10.RELEASE.jar;D:\workspace\idea\girls\plug\maven\repo\org\springframework\boot\spring-boot\1.5.10.RELEASE\spring-boot-1.5.10.RELEASE.jar;D:\workspace\idea\girls\plug\maven\repo\org\springframework\boot\spring-boot-autoconfigure\1.5.10.RELEASE\spring-boot-autoconfigure-1.5.10.RELEASE.jar;D:\workspace\idea\girls\plug\maven\repo\org\springframework\boot\spring-boot-starter-logging\1.5.10.RELEASE\spring-boot-starter-logging-1.5.10.RELEASE.jar;D:\workspace\idea\girls\plug\maven\repo\ch\qos\logback\logback-classic\1.1.11\logback-classic-1.1.11.jar;D:\workspace\idea\girls\plug\maven\repo\ch\qos\logback\logback-core\1.1.11\logback-core-1.1.11.jar;D:\workspace\idea\girls\plug\maven\repo\org\slf4j\jul-to-slf4j\1.7.25\jul-to-slf4j-1.7.25.jar;D:\workspace\idea\girls\plug\maven\repo\org\slf4j\log4j-over-slf4j\1.7.25\log4j-over-slf4j-1.7.25.jar;D:\workspace\idea\girls\plug\maven\repo\org\yaml\snakeyaml\1.17\snakeyaml-1.17.jar;D:\workspace\idea\girls\plug\maven\repo\org\springframework\boot\spring-boot-starter-aop\1.5.10.RELEASE\spring-boot-starter-aop-1.5.10.RELEASE.jar;D:\workspace\idea\girls\plug\maven\repo\org\springframework\spring-aop\4.3.14.RELEASE\spring-aop-4.3.14.RELEASE.jar;D:\workspace\idea\girls\plug\maven\repo\org\aspectj\aspectjweaver\1.8.13\aspectjweaver-1.8.13.jar;D:\workspace\idea\girls\plug\maven\repo\org\springframework\boot\spring-boot-starter-jdbc\1.5.10.RELEASE\spring-boot-starter-jdbc-1.5.10.RELEASE.jar;D:\workspace\idea\girls\plug\maven\repo\org\apache\tomcat\tomcat-jdbc\8.5.27\tomcat-jdbc-8.5.27.jar;D:\workspace\idea\girls\plug\maven\repo\org\apache\tomcat\tomcat-juli\8.5.27\tomcat-juli-8.5.27.jar;D:\workspace\idea\girls\plug\maven\repo\org\springframework\spring-jdbc\4.3.14.RELEASE\spring-jdbc-4.3.14.RELEASE.jar;D:\workspace\idea\girls\plug\maven\repo\org\hibernate\hibernate-core\5.0.12.Final\hibernate-core-5.0.12.Final.jar;D:\workspace\idea\girls\plug\maven\repo\org\jboss\logging\jboss-logging\3.3.1.Final\jboss-logging-3.3.1.Final.jar;D:\workspace\idea\girls\plug\maven\repo\org\hibernate\javax\persistence\hibernate-jpa-2.1-api\1.0.0.Final\hibernate-jpa-2.1-api-1.0.0.Final.jar;D:\workspace\idea\girls\plug\maven\repo\org\javassist\javassist\3.21.0-GA\javassist-3.21.0-GA.jar;D:\workspace\idea\girls\plug\maven\repo\antlr\antlr\2.7.7\antlr-2.7.7.jar;D:\workspace\idea\girls\plug\maven\repo\org\jboss\jandex\2.0.0.Final\jandex-2.0.0.Final.jar;D:\workspace\idea\girls\plug\maven\repo\dom4j\dom4j\1.6.1\dom4j-1.6.1.jar;D:\workspace\idea\girls\plug\maven\repo\org\hibernate\common\hibernate-commons-annotations\5.0.1.Final\hibernate-commons-annotations-5.0.1.Final.jar;D:\workspace\idea\girls\plug\maven\repo\org\hibernate\hibernate-entitymanager\5.0.12.Final\hibernate-entitymanager-5.0.12.Final.jar;D:\workspace\idea\girls\plug\maven\repo\javax\transaction\javax.transaction-api\1.2\javax.transaction-api-1.2.jar;D:\workspace\idea\girls\plug\maven\repo\org\springframework\data\spring-data-jpa\1.11.10.RELEASE\spring-data-jpa-1.11.10.RELEASE.jar;D:\workspace\idea\girls\plug\maven\repo\org\springframework\data\spring-data-commons\1.13.10.RELEASE\spring-data-commons-1.13.10.RELEASE.jar;D:\workspace\idea\girls\plug\maven\repo\org\springframework\spring-orm\4.3.14.RELEASE\spring-orm-4.3.14.RELEASE.jar;D:\workspace\idea\girls\plug\maven\repo\org\springframework\spring-context\4.3.14.RELEASE\spring-context-4.3.14.RELEASE.jar;D:\workspace\idea\girls\plug\maven\repo\org\springframework\spring-tx\4.3.14.RELEASE\spring-tx-4.3.14.RELEASE.jar;D:\workspace\idea\girls\plug\maven\repo\org\springframework\spring-beans\4.3.14.RELEASE\spring-beans-4.3.14.RELEASE.jar;D:\workspace\idea\girls\plug\maven\repo\org\slf4j\jcl-over-slf4j\1.7.25\jcl-over-slf4j-1.7.25.jar;D:\workspace\idea\girls\plug\maven\repo\org\springframework\spring-aspects\4.3.14.RELEASE\spring-aspects-4.3.14.RELEASE.jar;D:\workspace\idea\girls\plug\maven\repo\org\springframework\boot\spring-boot-starter-data-redis\1.5.10.RELEASE\spring-boot-starter-data-redis-1.5.10.RELEASE.jar;D:\workspace\idea\girls\plug\maven\repo\org\springframework\data\spring-data-redis\1.8.10.RELEASE\spring-data-redis-1.8.10.RELEASE.jar;D:\workspace\idea\girls\plug\maven\repo\org\springframework\data\spring-data-keyvalue\1.2.10.RELEASE\spring-data-keyvalue-1.2.10.RELEASE.jar;D:\workspace\idea\girls\plug\maven\repo\org\springframework\spring-oxm\4.3.14.RELEASE\spring-oxm-4.3.14.RELEASE.jar;D:\workspace\idea\girls\plug\maven\repo\org\springframework\spring-context-support\4.3.14.RELEASE\spring-context-support-4.3.14.RELEASE.jar;D:\workspace\idea\girls\plug\maven\repo\redis\clients\jedis\2.9.0\jedis-2.9.0.jar;D:\workspace\idea\girls\plug\maven\repo\org\springframework\boot\spring-boot-starter-web\1.5.10.RELEASE\spring-boot-starter-web-1.5.10.RELEASE.jar;D:\workspace\idea\girls\plug\maven\repo\org\springframework\boot\spring-boot-starter-tomcat\1.5.10.RELEASE\spring-boot-starter-tomcat-1.5.10.RELEASE.jar;D:\workspace\idea\girls\plug\maven\repo\org\apache\tomcat\embed\tomcat-embed-core\8.5.27\tomcat-embed-core-8.5.27.jar;D:\workspace\idea\girls\plug\maven\repo\org\apache\tomcat\tomcat-annotations-api\8.5.27\tomcat-annotations-api-8.5.27.jar;D:\workspace\idea\girls\plug\maven\repo\org\apache\tomcat\embed\tomcat-embed-el\8.5.27\tomcat-embed-el-8.5.27.jar;D:\workspace\idea\girls\plug\maven\repo\org\apache\tomcat\embed\tomcat-embed-websocket\8.5.27\tomcat-embed-websocket-8.5.27.jar;D:\workspace\idea\girls\plug\maven\repo\org\hibernate\hibernate-validator\5.3.6.Final\hibernate-validator-5.3.6.Final.jar;D:\workspace\idea\girls\plug\maven\repo\javax\validation\validation-api\1.1.0.Final\validation-api-1.1.0.Final.jar;D:\workspace\idea\girls\plug\maven\repo\com\fasterxml\jackson\core\jackson-databind\2.8.10\jackson-databind-2.8.10.jar;D:\workspace\idea\girls\plug\maven\repo\com\fasterxml\jackson\core\jackson-annotations\2.8.0\jackson-annotations-2.8.0.jar;D:\workspace\idea\girls\plug\maven\repo\com\fasterxml\jackson\core\jackson-core\2.8.10\jackson-core-2.8.10.jar;D:\workspace\idea\girls\plug\maven\repo\org\springframework\spring-web\4.3.14.RELEASE\spring-web-4.3.14.RELEASE.jar;D:\workspace\idea\girls\plug\maven\repo\org\springframework\spring-webmvc\4.3.14.RELEASE\spring-webmvc-4.3.14.RELEASE.jar;D:\workspace\idea\girls\plug\maven\repo\org\springframework\spring-expression\4.3.14.RELEASE\spring-expression-4.3.14.RELEASE.jar;D:\workspace\idea\girls\plug\maven\repo\mysql\mysql-connector-java\5.1.45\mysql-connector-java-5.1.45.jar;D:\workspace\idea\girls\plug\maven\repo\org\springframework\boot\spring-boot-starter-test\1.5.10.RELEASE\spring-boot-starter-test-1.5.10.RELEASE.jar;D:\workspace\idea\girls\plug\maven\repo\org\springframework\boot\spring-boot-test\1.5.10.RELEASE\spring-boot-test-1.5.10.RELEASE.jar;D:\workspace\idea\girls\plug\maven\repo\org\springframework\boot\spring-boot-test-autoconfigure\1.5.10.RELEASE\spring-boot-test-autoconfigure-1.5.10.RELEASE.jar;D:\workspace\idea\girls\plug\maven\repo\com\jayway\jsonpath\json-path\2.2.0\json-path-2.2.0.jar;D:\workspace\idea\girls\plug\maven\repo\net\minidev\json-smart\2.2.1\json-smart-2.2.1.jar;D:\workspace\idea\girls\plug\maven\repo\net\minidev\accessors-smart\1.1\accessors-smart-1.1.jar;D:\workspace\idea\girls\plug\maven\repo\org\ow2\asm\asm\5.0.3\asm-5.0.3.jar;D:\workspace\idea\girls\plug\maven\repo\junit\junit\4.12\junit-4.12.jar;D:\workspace\idea\girls\plug\maven\repo\org\assertj\assertj-core\2.6.0\assertj-core-2.6.0.jar;D:\workspace\idea\girls\plug\maven\repo\org\mockito\mockito-core\1.10.19\mockito-core-1.10.19.jar;D:\workspace\idea\girls\plug\maven\repo\org\objenesis\objenesis\2.1\objenesis-2.1.jar;D:\workspace\idea\girls\plug\maven\repo\org\hamcrest\hamcrest-core\1.3\hamcrest-core-1.3.jar;D:\workspace\idea\girls\plug\maven\repo\org\hamcrest\hamcrest-library\1.3\hamcrest-library-1.3.jar;D:\workspace\idea\girls\plug\maven\repo\org\skyscreamer\jsonassert\1.4.0\jsonassert-1.4.0.jar;D:\workspace\idea\girls\plug\maven\repo\com\vaadin\external\google\android-json\0.0.20131108.vaadin1\android-json-0.0.20131108.vaadin1.jar;D:\workspace\idea\girls\plug\maven\repo\org\springframework\spring-core\4.3.14.RELEASE\spring-core-4.3.14.RELEASE.jar;D:\workspace\idea\girls\plug\maven\repo\org\springframework\spring-test\4.3.14.RELEASE\spring-test-4.3.14.RELEASE.jar;D:\workspace\idea\girls\plug\maven\repo\org\apache\commons\commons-lang3\3.6\commons-lang3-3.6.jar;D:\workspace\idea\girls\plug\maven\repo\net\oschina\zcx7878\fastdfs-client-java\1.27.0.0\fastdfs-client-java-1.27.0.0.jar;D:\workspace\idea\girls\plug\maven\repo\org\springframework\session\spring-session-data-redis\1.3.1.RELEASE\spring-session-data-redis-1.3.1.RELEASE.jar;D:\workspace\idea\girls\plug\maven\repo\org\apache\commons\commons-pool2\2.4.3\commons-pool2-2.4.3.jar;D:\workspace\idea\girls\plug\maven\repo\org\springframework\session\spring-session\1.3.1.RELEASE\spring-session-1.3.1.RELEASE.jar;D:\workspace\idea\girls\plug\maven\repo\io\springfox\springfox-swagger2\2.8.0\springfox-swagger2-2.8.0.jar;D:\workspace\idea\girls\plug\maven\repo\io\swagger\swagger-annotations\1.5.14\swagger-annotations-1.5.14.jar;D:\workspace\idea\girls\plug\maven\repo\io\swagger\swagger-models\1.5.14\swagger-models-1.5.14.jar;D:\workspace\idea\girls\plug\maven\repo\io\springfox\springfox-spi\2.8.0\springfox-spi-2.8.0.jar;D:\workspace\idea\girls\plug\maven\repo\io\springfox\springfox-core\2.8.0\springfox-core-2.8.0.jar;D:\workspace\idea\girls\plug\maven\repo\net\bytebuddy\byte-buddy\1.7.9\byte-buddy-1.7.9.jar;D:\workspace\idea\girls\plug\maven\repo\io\springfox\springfox-schema\2.8.0\springfox-schema-2.8.0.jar;D:\workspace\idea\girls\plug\maven\repo\io\springfox\springfox-swagger-common\2.8.0\springfox-swagger-common-2.8.0.jar;D:\workspace\idea\girls\plug\maven\repo\io\springfox\springfox-spring-web\2.8.0\springfox-spring-web-2.8.0.jar;D:\workspace\idea\girls\plug\maven\repo\org\reflections\reflections\0.9.11\reflections-0.9.11.jar;D:\workspace\idea\girls\plug\maven\repo\com\google\guava\guava\20.0\guava-20.0.jar;D:\workspace\idea\girls\plug\maven\repo\com\fasterxml\classmate\1.3.4\classmate-1.3.4.jar;D:\workspace\idea\girls\plug\maven\repo\org\slf4j\slf4j-api\1.7.25\slf4j-api-1.7.25.jar;D:\workspace\idea\girls\plug\maven\repo\org\springframework\plugin\spring-plugin-core\1.2.0.RELEASE\spring-plugin-core-1.2.0.RELEASE.jar;D:\workspace\idea\girls\plug\maven\repo\org\springframework\plugin\spring-plugin-metadata\1.2.0.RELEASE\spring-plugin-metadata-1.2.0.RELEASE.jar;D:\workspace\idea\girls\plug\maven\repo\org\mapstruct\mapstruct\1.2.0.Final\mapstruct-1.2.0.Final.jar;D:\workspace\idea\girls\plug\maven\repo\io\springfox\springfox-swagger-ui\2.8.0\springfox-swagger-ui-2.8.0.jar;, user.name=Magic, java.vm.specification.version=1.8, sun.java.command=D:\workspace\idea\girls\target\surefire\surefirebooter449553205229506414.jar D:\workspace\idea\girls\target\surefire\surefire6049865706440047001tmp D:\workspace\idea\girls\target\surefire\surefire_05500437349487783176tmp, java.home=C:\Program Files\Java\jdk1.8.0_91\jre, sun.arch.data.model=64, user.language=zh, java.specification.vendor=Oracle Corporation, awt.toolkit=sun.awt.windows.WToolkit, java.vm.info=mixed mode, java.version=1.8.0_91, java.ext.dirs=C:\Program Files\Java\jdk1.8.0_91\jre\lib\ext;C:\WINDOWS\Sun\Java\lib\ext, sun.boot.class.path=C:\Program Files\Java\jdk1.8.0_91\jre\lib\resources.jar;C:\Program Files\Java\jdk1.8.0_91\jre\lib\rt.jar;C:\Program Files\Java\jdk1.8.0_91\jre\lib\sunrsasign.jar;C:\Program Files\Java\jdk1.8.0_91\jre\lib\jsse.jar;C:\Program Files\Java\jdk1.8.0_91\jre\lib\jce.jar;C:\Program Files\Java\jdk1.8.0_91\jre\lib\charsets.jar;C:\Program Files\Java\jdk1.8.0_91\jre\lib\jfr.jar;C:\Program Files\Java\jdk1.8.0_91\jre\classes, java.vendor=Oracle Corporation, localRepository=D:\workspace\idea\girls\plug\maven\repo, file.separator=\, java.vendor.url.bug=http://bugreport.sun.com/bugreport/, sun.io.unicode.encoding=UnicodeLittle, sun.cpu.endian=little, sun.desktop=windows, sun.cpu.isalist=amd64}}, SystemEnvironmentPropertySource@601008104 {name='systemEnvironment', properties={PATH=C:\ProgramData\Oracle\Java\javapath;C:\Program Files (x86)\Intel\iCLS Client\;C:\Program Files\Intel\iCLS Client\;C:\Windows\system32;C:\Windows;C:\Windows\System32\Wbem;C:\Windows\System32\WindowsPowerShell\v1.0\;C:\Program Files (x86)\NVIDIA Corporation\PhysX\Common;C:\Program Files (x86)\Intel\Intel(R) Management Engine Components\DAL;C:\Program Files\Intel\Intel(R) Management Engine Components\DAL;C:\Program Files (x86)\Intel\Intel(R) Management Engine Components\IPT;C:\Program Files\Intel\Intel(R) Management Engine Components\IPT;C:\Program Files\Java\jdk1.8.0_91\bin;C:\Program Files\Java\jdk1.8.0_91\jre\bin;C:\WINDOWS\system32;C:\WINDOWS;C:\WINDOWS\System32\Wbem;C:\WINDOWS\System32\WindowsPowerShell\v1.0\;D:\plug\maven\apache-maven-3.5.0\bin;D:\Program Files (x86)\mysql;C:\Program Files\Intel\WiFi\bin\;C:\Program Files\Common Files\Intel\WirelessCommon\;C:\Program Files\TortoiseSVN\bin;C:\Users\Magic\AppData\Local\Microsoft\WindowsApps;D:\Program Files\Bandizip\;C:\Program Files\Intel\WiFi\bin\;C:\Program Files\Common Files\Intel\WirelessCommon\;, USERDOMAIN_ROAMINGPROFILE=DESKTOP-C1G5MO1, LOCALAPPDATA=C:\Users\Magic\AppData\Local, PROCESSOR_LEVEL=6, SYSTEMDRIVE=C:, COMMONPROGRAMFILES(X86)=C:\Program Files (x86)\Common Files, USERDOMAIN=DESKTOP-C1G5MO1, FPS_BROWSER_APP_PROFILE_STRING=Internet Explorer, LOGONSERVER=\\DESKTOP-C1G5MO1, JAVA_HOME=C:\Program Files\Java\jdk1.8.0_91, PROMPT=$P$G, SESSIONNAME=Console, ALLUSERSPROFILE=C:\ProgramData, PROGRAMFILES(X86)=C:\Program Files (x86), PROCESSOR_ARCHITECTURE=AMD64, PROGRAMFILES=C:\Program Files, APPDATA=C:\Users\Magic\AppData\Roaming, PSMODULEPATH=C:\Program Files\WindowsPowerShell\Modules;C:\WINDOWS\system32\WindowsPowerShell\v1.0\Modules, PROGRAMW6432=C:\Program Files, PROGRAMDATA=C:\ProgramData, SYSTEMROOT=C:\WINDOWS, USERNAME=Magic, VBOX_MSI_INSTALL_PATH=D:\Program Files\Oracle\VirtualBox\, FPS_BROWSER_USER_PROFILE_STRING=Default, ONEDRIVE=C:\Users\Magic\OneDrive, PATHEXT=.COM;.EXE;.BAT;.CMD;.VBS;.VBE;.JS;.JSE;.WSF;.WSH;.MSC, OS=Windows_NT, COMMONPROGRAMW6432=C:\Program Files\Common Files, COMPUTERNAME=DESKTOP-C1G5MO1, COMMONPROGRAMFILES=C:\Program Files\Common Files, COMSPEC=C:\WINDOWS\system32\cmd.exe, PROCESSOR_REVISION=9e09, CLASSPATH=.;C:\Program Files\Java\jdk1.8.0_91\lib\dt.jar;C:\Program Files\Java\jdk1.8.0_91\lib\tools.jar, WINDIR=C:\WINDOWS, =D:=D:\workspace\idea\girls, HOMEPATH=\Users\Magic, TEMP=C:\Users\Magic\AppData\Local\Temp, HOMEDRIVE=C:, PROCESSOR_IDENTIFIER=Intel64 Family 6 Model 158 Stepping 9, GenuineIntel, USERPROFILE=C:\Users\Magic, TMP=C:\Users\Magic\AppData\Local\Temp, M2_HOME=D:\plug\maven\apache-maven-3.5.0, PUBLIC=C:\Users\Public, NUMBER_OF_PROCESSORS=8, =::=::\}}]
16:17:42.319 [main] DEBUG org.springframework.core.io.support.PathMatchingResourcePatternResolver - Resolved classpath location [com/lss/dao/] to resources [URL [file:/D:/workspace/idea/girls/target/test-classes/com/lss/dao/]]
16:17:42.319 [main] DEBUG org.springframework.core.io.support.PathMatchingResourcePatternResolver - Looking for matching resources in directory tree [D:\workspace\idea\girls\target\test-classes\com\lss\dao]
16:17:42.320 [main] DEBUG org.springframework.core.io.support.PathMatchingResourcePatternResolver - Searching directory [D:\workspace\idea\girls\target\test-classes\com\lss\dao] for files matching pattern [D:/workspace/idea/girls/target/test-classes/com/lss/dao/*.class]
16:17:42.324 [main] DEBUG org.springframework.core.io.support.PathMatchingResourcePatternResolver - Resolved location pattern [classpath*:com/lss/dao/*.class] to resources [file [D:\workspace\idea\girls\target\test-classes\com\lss\dao\GirlRepositoryTest.class]]
16:17:42.387 [main] DEBUG org.springframework.core.io.support.PathMatchingResourcePatternResolver - Resolved classpath location [com/lss/] to resources [URL [file:/D:/workspace/idea/girls/target/test-classes/com/lss/], URL [file:/D:/workspace/idea/girls/target/classes/com/lss/]]
16:17:42.396 [main] DEBUG org.springframework.core.io.support.PathMatchingResourcePatternResolver - Looking for matching resources in directory tree [D:\workspace\idea\girls\target\test-classes\com\lss]
16:17:42.396 [main] DEBUG org.springframework.core.io.support.PathMatchingResourcePatternResolver - Searching directory [D:\workspace\idea\girls\target\test-classes\com\lss] for files matching pattern [D:/workspace/idea/girls/target/test-classes/com/lss/*.class]
16:17:42.397 [main] DEBUG org.springframework.core.io.support.PathMatchingResourcePatternResolver - Looking for matching resources in directory tree [D:\workspace\idea\girls\target\classes\com\lss]
16:17:42.397 [main] DEBUG org.springframework.core.io.support.PathMatchingResourcePatternResolver - Searching directory [D:\workspace\idea\girls\target\classes\com\lss] for files matching pattern [D:/workspace/idea/girls/target/classes/com/lss/*.class]
16:17:42.398 [main] DEBUG org.springframework.core.io.support.PathMatchingResourcePatternResolver - Resolved location pattern [classpath*:com/lss/*.class] to resources []
16:17:42.445 [main] DEBUG org.springframework.core.io.support.PathMatchingResourcePatternResolver - Resolved classpath location [com/] to resources [URL [file:/D:/workspace/idea/girls/target/test-classes/com/], URL [file:/D:/workspace/idea/girls/target/classes/com/], URL [jar:file:/D:/workspace/idea/girls/plug/maven/repo/com/fasterxml/jackson/core/jackson-databind/2.8.10/jackson-databind-2.8.10.jar!/com/], URL [jar:file:/D:/workspace/idea/girls/plug/maven/repo/com/fasterxml/jackson/core/jackson-annotations/2.8.0/jackson-annotations-2.8.0.jar!/com/], URL [jar:file:/D:/workspace/idea/girls/plug/maven/repo/com/fasterxml/jackson/core/jackson-core/2.8.10/jackson-core-2.8.10.jar!/com/], URL [jar:file:/D:/workspace/idea/girls/plug/maven/repo/mysql/mysql-connector-java/5.1.45/mysql-connector-java-5.1.45.jar!/com/], URL [jar:file:/D:/workspace/idea/girls/plug/maven/repo/com/jayway/jsonpath/json-path/2.2.0/json-path-2.2.0.jar!/com/], URL [jar:file:/D:/workspace/idea/girls/plug/maven/repo/com/google/guava/guava/20.0/guava-20.0.jar!/com/], URL [jar:file:/D:/workspace/idea/girls/plug/maven/repo/com/fasterxml/classmate/1.3.4/classmate-1.3.4.jar!/com/]]
16:17:42.445 [main] DEBUG org.springframework.core.io.support.PathMatchingResourcePatternResolver - Looking for matching resources in directory tree [D:\workspace\idea\girls\target\test-classes\com]
16:17:42.445 [main] DEBUG org.springframework.core.io.support.PathMatchingResourcePatternResolver - Searching directory [D:\workspace\idea\girls\target\test-classes\com] for files matching pattern [D:/workspace/idea/girls/target/test-classes/com/*.class]
16:17:42.446 [main] DEBUG org.springframework.core.io.support.PathMatchingResourcePatternResolver - Looking for matching resources in directory tree [D:\workspace\idea\girls\target\classes\com]
16:17:42.446 [main] DEBUG org.springframework.core.io.support.PathMatchingResourcePatternResolver - Searching directory [D:\workspace\idea\girls\target\classes\com] for files matching pattern [D:/workspace/idea/girls/target/classes/com/*.class]
16:17:42.446 [main] DEBUG org.springframework.core.io.support.PathMatchingResourcePatternResolver - Looking for matching resources in jar file [file:/D:/workspace/idea/girls/plug/maven/repo/com/fasterxml/jackson/core/jackson-databind/2.8.10/jackson-databind-2.8.10.jar]
16:17:42.454 [main] DEBUG org.springframework.core.io.support.PathMatchingResourcePatternResolver - Looking for matching resources in jar file [file:/D:/workspace/idea/girls/plug/maven/repo/com/fasterxml/jackson/core/jackson-annotations/2.8.0/jackson-annotations-2.8.0.jar]
16:17:42.456 [main] DEBUG org.springframework.core.io.support.PathMatchingResourcePatternResolver - Looking for matching resources in jar file [file:/D:/workspace/idea/girls/plug/maven/repo/com/fasterxml/jackson/core/jackson-core/2.8.10/jackson-core-2.8.10.jar]
16:17:42.457 [main] DEBUG org.springframework.core.io.support.PathMatchingResourcePatternResolver - Looking for matching resources in jar file [file:/D:/workspace/idea/girls/plug/maven/repo/mysql/mysql-connector-java/5.1.45/mysql-connector-java-5.1.45.jar]
16:17:42.460 [main] DEBUG org.springframework.core.io.support.PathMatchingResourcePatternResolver - Looking for matching resources in jar file [file:/D:/workspace/idea/girls/plug/maven/repo/com/jayway/jsonpath/json-path/2.2.0/json-path-2.2.0.jar]
16:17:42.462 [main] DEBUG org.springframework.core.io.support.PathMatchingResourcePatternResolver - Looking for matching resources in jar file [file:/D:/workspace/idea/girls/plug/maven/repo/com/google/guava/guava/20.0/guava-20.0.jar]
16:17:42.469 [main] DEBUG org.springframework.core.io.support.PathMatchingResourcePatternResolver - Looking for matching resources in jar file [file:/D:/workspace/idea/girls/plug/maven/repo/com/fasterxml/classmate/1.3.4/classmate-1.3.4.jar]
16:17:42.469 [main] DEBUG org.springframework.core.io.support.PathMatchingResourcePatternResolver - Resolved location pattern [classpath*:com/*.class] to resources []
16:17:42.505 [main] DEBUG org.springframework.test.context.junit4.SpringJUnit4ClassRunner - SpringJUnit4ClassRunner constructor called with [class com.lss.girls.GirlsApplicationTests]
16:17:42.506 [main] DEBUG org.springframework.test.context.BootstrapUtils - Instantiating CacheAwareContextLoaderDelegate from class [org.springframework.test.context.cache.DefaultCacheAwareContextLoaderDelegate]
16:17:42.506 [main] DEBUG org.springframework.test.context.BootstrapUtils - Instantiating BootstrapContext using constructor [public org.springframework.test.context.support.DefaultBootstrapContext(java.lang.Class,org.springframework.test.context.CacheAwareContextLoaderDelegate)]
16:17:42.506 [main] DEBUG org.springframework.test.context.BootstrapUtils - Instantiating TestContextBootstrapper for test class [com.lss.girls.GirlsApplicationTests] from class [org.springframework.boot.test.context.SpringBootTestContextBootstrapper]
16:17:42.507 [main] INFO org.springframework.boot.test.context.SpringBootTestContextBootstrapper - Neither @ContextConfiguration nor @ContextHierarchy found for test class [com.lss.girls.GirlsApplicationTests], using SpringBootContextLoader
16:17:42.507 [main] DEBUG org.springframework.test.context.support.AbstractContextLoader - Did not detect default resource location for test class [com.lss.girls.GirlsApplicationTests]: class path resource [com/lss/girls/GirlsApplicationTests-context.xml] does not exist
16:17:42.508 [main] DEBUG org.springframework.test.context.support.AbstractContextLoader - Did not detect default resource location for test class [com.lss.girls.GirlsApplicationTests]: class path resource [com/lss/girls/GirlsApplicationTestsContext.groovy] does not exist
16:17:42.508 [main] INFO org.springframework.test.context.support.AbstractContextLoader - Could not detect default resource locations for test class [com.lss.girls.GirlsApplicationTests]: no resource found for suffixes {-context.xml, Context.groovy}.
16:17:42.509 [main] INFO org.springframework.test.context.support.AnnotationConfigContextLoaderUtils - Could not detect default configuration classes for test class [com.lss.girls.GirlsApplicationTests]: GirlsApplicationTests does not declare any static, non-private, non-final, nested classes annotated with @Configuration.
16:17:42.514 [main] DEBUG org.springframework.test.context.support.ActiveProfilesUtils - Could not find an 'annotation declaring class' for annotation type [org.springframework.test.context.ActiveProfiles] and class [com.lss.girls.GirlsApplicationTests]
16:17:42.514 [main] DEBUG org.springframework.core.env.StandardEnvironment - Adding PropertySource 'systemProperties' with lowest search precedence
16:17:42.514 [main] DEBUG org.springframework.core.env.StandardEnvironment - Adding PropertySource 'systemEnvironment' with lowest search precedence
16:17:42.515 [main] DEBUG org.springframework.core.env.StandardEnvironment - Initialized StandardEnvironment with PropertySources [MapPropertySource@614685048 {name='systemProperties', properties={idea.version=2016.3.5, java.runtime.name=Java(TM) SE Runtime Environment, sun.boot.library.path=C:\Program Files\Java\jdk1.8.0_91\jre\bin, java.vm.version=25.91-b15, java.vm.vendor=Oracle Corporation, java.vendor.url=http://java.oracle.com/, path.separator=;, java.vm.name=Java HotSpot(TM) 64-Bit Server VM, file.encoding.pkg=sun.io, user.country=CN, user.script=, sun.java.launcher=SUN_STANDARD, sun.os.patch.level=, java.vm.specification.name=Java Virtual Machine Specification, user.dir=D:\workspace\idea\girls, java.runtime.version=1.8.0_91-b15, basedir=D:\workspace\idea\girls, java.awt.graphicsenv=sun.awt.Win32GraphicsEnvironment, java.endorsed.dirs=C:\Program Files\Java\jdk1.8.0_91\jre\lib\endorsed, os.arch=amd64, surefire.real.class.path=D:\workspace\idea\girls\target\surefire\surefirebooter449553205229506414.jar, java.io.tmpdir=C:\Users\Magic\AppData\Local\Temp\, line.separator=
, java.vm.specification.vendor=Oracle Corporation, user.variant=, os.name=Windows 10, sun.jnu.encoding=GBK, java.library.path=C:\Program Files\Java\jdk1.8.0_91\jre\bin;C:\WINDOWS\Sun\Java\bin;C:\WINDOWS\system32;C:\WINDOWS;C:\ProgramData\Oracle\Java\javapath;C:\Program Files (x86)\Intel\iCLS Client\;C:\Program Files\Intel\iCLS Client\;C:\Windows\system32;C:\Windows;C:\Windows\System32\Wbem;C:\Windows\System32\WindowsPowerShell\v1.0\;C:\Program Files (x86)\NVIDIA Corporation\PhysX\Common;C:\Program Files (x86)\Intel\Intel(R) Management Engine Components\DAL;C:\Program Files\Intel\Intel(R) Management Engine Components\DAL;C:\Program Files (x86)\Intel\Intel(R) Management Engine Components\IPT;C:\Program Files\Intel\Intel(R) Management Engine Components\IPT;C:\Program Files\Java\jdk1.8.0_91\bin;C:\Program Files\Java\jdk1.8.0_91\jre\bin;C:\WINDOWS\system32;C:\WINDOWS;C:\WINDOWS\System32\Wbem;C:\WINDOWS\System32\WindowsPowerShell\v1.0\;D:\plug\maven\apache-maven-3.5.0\bin;D:\Program Files (x86)\mysql;C:\Program Files\Intel\WiFi\bin\;C:\Program Files\Common Files\Intel\WirelessCommon\;C:\Program Files\TortoiseSVN\bin;C:\Users\Magic\AppData\Local\Microsoft\WindowsApps;D:\Program Files\Bandizip\;C:\Program Files\Intel\WiFi\bin\;C:\Program Files\Common Files\Intel\WirelessCommon\;;., surefire.test.class.path=D:\workspace\idea\girls\target\test-classes;D:\workspace\idea\girls\target\classes;D:\workspace\idea\girls\plug\maven\repo\org\springframework\boot\spring-boot-starter-data-jpa\1.5.10.RELEASE\spring-boot-starter-data-jpa-1.5.10.RELEASE.jar;D:\workspace\idea\girls\plug\maven\repo\org\springframework\boot\spring-boot-starter\1.5.10.RELEASE\spring-boot-starter-1.5.10.RELEASE.jar;D:\workspace\idea\girls\plug\maven\repo\org\springframework\boot\spring-boot\1.5.10.RELEASE\spring-boot-1.5.10.RELEASE.jar;D:\workspace\idea\girls\plug\maven\repo\org\springframework\boot\spring-boot-autoconfigure\1.5.10.RELEASE\spring-boot-autoconfigure-1.5.10.RELEASE.jar;D:\workspace\idea\girls\plug\maven\repo\org\springframework\boot\spring-boot-starter-logging\1.5.10.RELEASE\spring-boot-starter-logging-1.5.10.RELEASE.jar;D:\workspace\idea\girls\plug\maven\repo\ch\qos\logback\logback-classic\1.1.11\logback-classic-1.1.11.jar;D:\workspace\idea\girls\plug\maven\repo\ch\qos\logback\logback-core\1.1.11\logback-core-1.1.11.jar;D:\workspace\idea\girls\plug\maven\repo\org\slf4j\jul-to-slf4j\1.7.25\jul-to-slf4j-1.7.25.jar;D:\workspace\idea\girls\plug\maven\repo\org\slf4j\log4j-over-slf4j\1.7.25\log4j-over-slf4j-1.7.25.jar;D:\workspace\idea\girls\plug\maven\repo\org\yaml\snakeyaml\1.17\snakeyaml-1.17.jar;D:\workspace\idea\girls\plug\maven\repo\org\springframework\boot\spring-boot-starter-aop\1.5.10.RELEASE\spring-boot-starter-aop-1.5.10.RELEASE.jar;D:\workspace\idea\girls\plug\maven\repo\org\springframework\spring-aop\4.3.14.RELEASE\spring-aop-4.3.14.RELEASE.jar;D:\workspace\idea\girls\plug\maven\repo\org\aspectj\aspectjweaver\1.8.13\aspectjweaver-1.8.13.jar;D:\workspace\idea\girls\plug\maven\repo\org\springframework\boot\spring-boot-starter-jdbc\1.5.10.RELEASE\spring-boot-starter-jdbc-1.5.10.RELEASE.jar;D:\workspace\idea\girls\plug\maven\repo\org\apache\tomcat\tomcat-jdbc\8.5.27\tomcat-jdbc-8.5.27.jar;D:\workspace\idea\girls\plug\maven\repo\org\apache\tomcat\tomcat-juli\8.5.27\tomcat-juli-8.5.27.jar;D:\workspace\idea\girls\plug\maven\repo\org\springframework\spring-jdbc\4.3.14.RELEASE\spring-jdbc-4.3.14.RELEASE.jar;D:\workspace\idea\girls\plug\maven\repo\org\hibernate\hibernate-core\5.0.12.Final\hibernate-core-5.0.12.Final.jar;D:\workspace\idea\girls\plug\maven\repo\org\jboss\logging\jboss-logging\3.3.1.Final\jboss-logging-3.3.1.Final.jar;D:\workspace\idea\girls\plug\maven\repo\org\hibernate\javax\persistence\hibernate-jpa-2.1-api\1.0.0.Final\hibernate-jpa-2.1-api-1.0.0.Final.jar;D:\workspace\idea\girls\plug\maven\repo\org\javassist\javassist\3.21.0-GA\javassist-3.21.0-GA.jar;D:\workspace\idea\girls\plug\maven\repo\antlr\antlr\2.7.7\antlr-2.7.7.jar;D:\workspace\idea\girls\plug\maven\repo\org\jboss\jandex\2.0.0.Final\jandex-2.0.0.Final.jar;D:\workspace\idea\girls\plug\maven\repo\dom4j\dom4j\1.6.1\dom4j-1.6.1.jar;D:\workspace\idea\girls\plug\maven\repo\org\hibernate\common\hibernate-commons-annotations\5.0.1.Final\hibernate-commons-annotations-5.0.1.Final.jar;D:\workspace\idea\girls\plug\maven\repo\org\hibernate\hibernate-entitymanager\5.0.12.Final\hibernate-entitymanager-5.0.12.Final.jar;D:\workspace\idea\girls\plug\maven\repo\javax\transaction\javax.transaction-api\1.2\javax.transaction-api-1.2.jar;D:\workspace\idea\girls\plug\maven\repo\org\springframework\data\spring-data-jpa\1.11.10.RELEASE\spring-data-jpa-1.11.10.RELEASE.jar;D:\workspace\idea\girls\plug\maven\repo\org\springframework\data\spring-data-commons\1.13.10.RELEASE\spring-data-commons-1.13.10.RELEASE.jar;D:\workspace\idea\girls\plug\maven\repo\org\springframework\spring-orm\4.3.14.RELEASE\spring-orm-4.3.14.RELEASE.jar;D:\workspace\idea\girls\plug\maven\repo\org\springframework\spring-context\4.3.14.RELEASE\spring-context-4.3.14.RELEASE.jar;D:\workspace\idea\girls\plug\maven\repo\org\springframework\spring-tx\4.3.14.RELEASE\spring-tx-4.3.14.RELEASE.jar;D:\workspace\idea\girls\plug\maven\repo\org\springframework\spring-beans\4.3.14.RELEASE\spring-beans-4.3.14.RELEASE.jar;D:\workspace\idea\girls\plug\maven\repo\org\slf4j\jcl-over-slf4j\1.7.25\jcl-over-slf4j-1.7.25.jar;D:\workspace\idea\girls\plug\maven\repo\org\springframework\spring-aspects\4.3.14.RELEASE\spring-aspects-4.3.14.RELEASE.jar;D:\workspace\idea\girls\plug\maven\repo\org\springframework\boot\spring-boot-starter-data-redis\1.5.10.RELEASE\spring-boot-starter-data-redis-1.5.10.RELEASE.jar;D:\workspace\idea\girls\plug\maven\repo\org\springframework\data\spring-data-redis\1.8.10.RELEASE\spring-data-redis-1.8.10.RELEASE.jar;D:\workspace\idea\girls\plug\maven\repo\org\springframework\data\spring-data-keyvalue\1.2.10.RELEASE\spring-data-keyvalue-1.2.10.RELEASE.jar;D:\workspace\idea\girls\plug\maven\repo\org\springframework\spring-oxm\4.3.14.RELEASE\spring-oxm-4.3.14.RELEASE.jar;D:\workspace\idea\girls\plug\maven\repo\org\springframework\spring-context-support\4.3.14.RELEASE\spring-context-support-4.3.14.RELEASE.jar;D:\workspace\idea\girls\plug\maven\repo\redis\clients\jedis\2.9.0\jedis-2.9.0.jar;D:\workspace\idea\girls\plug\maven\repo\org\springframework\boot\spring-boot-starter-web\1.5.10.RELEASE\spring-boot-starter-web-1.5.10.RELEASE.jar;D:\workspace\idea\girls\plug\maven\repo\org\springframework\boot\spring-boot-starter-tomcat\1.5.10.RELEASE\spring-boot-starter-tomcat-1.5.10.RELEASE.jar;D:\workspace\idea\girls\plug\maven\repo\org\apache\tomcat\embed\tomcat-embed-core\8.5.27\tomcat-embed-core-8.5.27.jar;D:\workspace\idea\girls\plug\maven\repo\org\apache\tomcat\tomcat-annotations-api\8.5.27\tomcat-annotations-api-8.5.27.jar;D:\workspace\idea\girls\plug\maven\repo\org\apache\tomcat\embed\tomcat-embed-el\8.5.27\tomcat-embed-el-8.5.27.jar;D:\workspace\idea\girls\plug\maven\repo\org\apache\tomcat\embed\tomcat-embed-websocket\8.5.27\tomcat-embed-websocket-8.5.27.jar;D:\workspace\idea\girls\plug\maven\repo\org\hibernate\hibernate-validator\5.3.6.Final\hibernate-validator-5.3.6.Final.jar;D:\workspace\idea\girls\plug\maven\repo\javax\validation\validation-api\1.1.0.Final\validation-api-1.1.0.Final.jar;D:\workspace\idea\girls\plug\maven\repo\com\fasterxml\jackson\core\jackson-databind\2.8.10\jackson-databind-2.8.10.jar;D:\workspace\idea\girls\plug\maven\repo\com\fasterxml\jackson\core\jackson-annotations\2.8.0\jackson-annotations-2.8.0.jar;D:\workspace\idea\girls\plug\maven\repo\com\fasterxml\jackson\core\jackson-core\2.8.10\jackson-core-2.8.10.jar;D:\workspace\idea\girls\plug\maven\repo\org\springframework\spring-web\4.3.14.RELEASE\spring-web-4.3.14.RELEASE.jar;D:\workspace\idea\girls\plug\maven\repo\org\springframework\spring-webmvc\4.3.14.RELEASE\spring-webmvc-4.3.14.RELEASE.jar;D:\workspace\idea\girls\plug\maven\repo\org\springframework\spring-expression\4.3.14.RELEASE\spring-expression-4.3.14.RELEASE.jar;D:\workspace\idea\girls\plug\maven\repo\mysql\mysql-connector-java\5.1.45\mysql-connector-java-5.1.45.jar;D:\workspace\idea\girls\plug\maven\repo\org\springframework\boot\spring-boot-starter-test\1.5.10.RELEASE\spring-boot-starter-test-1.5.10.RELEASE.jar;D:\workspace\idea\girls\plug\maven\repo\org\springframework\boot\spring-boot-test\1.5.10.RELEASE\spring-boot-test-1.5.10.RELEASE.jar;D:\workspace\idea\girls\plug\maven\repo\org\springframework\boot\spring-boot-test-autoconfigure\1.5.10.RELEASE\spring-boot-test-autoconfigure-1.5.10.RELEASE.jar;D:\workspace\idea\girls\plug\maven\repo\com\jayway\jsonpath\json-path\2.2.0\json-path-2.2.0.jar;D:\workspace\idea\girls\plug\maven\repo\net\minidev\json-smart\2.2.1\json-smart-2.2.1.jar;D:\workspace\idea\girls\plug\maven\repo\net\minidev\accessors-smart\1.1\accessors-smart-1.1.jar;D:\workspace\idea\girls\plug\maven\repo\org\ow2\asm\asm\5.0.3\asm-5.0.3.jar;D:\workspace\idea\girls\plug\maven\repo\junit\junit\4.12\junit-4.12.jar;D:\workspace\idea\girls\plug\maven\repo\org\assertj\assertj-core\2.6.0\assertj-core-2.6.0.jar;D:\workspace\idea\girls\plug\maven\repo\org\mockito\mockito-core\1.10.19\mockito-core-1.10.19.jar;D:\workspace\idea\girls\plug\maven\repo\org\objenesis\objenesis\2.1\objenesis-2.1.jar;D:\workspace\idea\girls\plug\maven\repo\org\hamcrest\hamcrest-core\1.3\hamcrest-core-1.3.jar;D:\workspace\idea\girls\plug\maven\repo\org\hamcrest\hamcrest-library\1.3\hamcrest-library-1.3.jar;D:\workspace\idea\girls\plug\maven\repo\org\skyscreamer\jsonassert\1.4.0\jsonassert-1.4.0.jar;D:\workspace\idea\girls\plug\maven\repo\com\vaadin\external\google\android-json\0.0.20131108.vaadin1\android-json-0.0.20131108.vaadin1.jar;D:\workspace\idea\girls\plug\maven\repo\org\springframework\spring-core\4.3.14.RELEASE\spring-core-4.3.14.RELEASE.jar;D:\workspace\idea\girls\plug\maven\repo\org\springframework\spring-test\4.3.14.RELEASE\spring-test-4.3.14.RELEASE.jar;D:\workspace\idea\girls\plug\maven\repo\org\apache\commons\commons-lang3\3.6\commons-lang3-3.6.jar;D:\workspace\idea\girls\plug\maven\repo\net\oschina\zcx7878\fastdfs-client-java\1.27.0.0\fastdfs-client-java-1.27.0.0.jar;D:\workspace\idea\girls\plug\maven\repo\org\springframework\session\spring-session-data-redis\1.3.1.RELEASE\spring-session-data-redis-1.3.1.RELEASE.jar;D:\workspace\idea\girls\plug\maven\repo\org\apache\commons\commons-pool2\2.4.3\commons-pool2-2.4.3.jar;D:\workspace\idea\girls\plug\maven\repo\org\springframework\session\spring-session\1.3.1.RELEASE\spring-session-1.3.1.RELEASE.jar;D:\workspace\idea\girls\plug\maven\repo\io\springfox\springfox-swagger2\2.8.0\springfox-swagger2-2.8.0.jar;D:\workspace\idea\girls\plug\maven\repo\io\swagger\swagger-annotations\1.5.14\swagger-annotations-1.5.14.jar;D:\workspace\idea\girls\plug\maven\repo\io\swagger\swagger-models\1.5.14\swagger-models-1.5.14.jar;D:\workspace\idea\girls\plug\maven\repo\io\springfox\springfox-spi\2.8.0\springfox-spi-2.8.0.jar;D:\workspace\idea\girls\plug\maven\repo\io\springfox\springfox-core\2.8.0\springfox-core-2.8.0.jar;D:\workspace\idea\girls\plug\maven\repo\net\bytebuddy\byte-buddy\1.7.9\byte-buddy-1.7.9.jar;D:\workspace\idea\girls\plug\maven\repo\io\springfox\springfox-schema\2.8.0\springfox-schema-2.8.0.jar;D:\workspace\idea\girls\plug\maven\repo\io\springfox\springfox-swagger-common\2.8.0\springfox-swagger-common-2.8.0.jar;D:\workspace\idea\girls\plug\maven\repo\io\springfox\springfox-spring-web\2.8.0\springfox-spring-web-2.8.0.jar;D:\workspace\idea\girls\plug\maven\repo\org\reflections\reflections\0.9.11\reflections-0.9.11.jar;D:\workspace\idea\girls\plug\maven\repo\com\google\guava\guava\20.0\guava-20.0.jar;D:\workspace\idea\girls\plug\maven\repo\com\fasterxml\classmate\1.3.4\classmate-1.3.4.jar;D:\workspace\idea\girls\plug\maven\repo\org\slf4j\slf4j-api\1.7.25\slf4j-api-1.7.25.jar;D:\workspace\idea\girls\plug\maven\repo\org\springframework\plugin\spring-plugin-core\1.2.0.RELEASE\spring-plugin-core-1.2.0.RELEASE.jar;D:\workspace\idea\girls\plug\maven\repo\org\springframework\plugin\spring-plugin-metadata\1.2.0.RELEASE\spring-plugin-metadata-1.2.0.RELEASE.jar;D:\workspace\idea\girls\plug\maven\repo\org\mapstruct\mapstruct\1.2.0.Final\mapstruct-1.2.0.Final.jar;D:\workspace\idea\girls\plug\maven\repo\io\springfox\springfox-swagger-ui\2.8.0\springfox-swagger-ui-2.8.0.jar;, java.specification.name=Java Platform API Specification, java.class.version=52.0, sun.management.compiler=HotSpot 64-Bit Tiered Compilers, os.version=10.0, user.home=C:\Users\Magic, user.timezone=Asia/Shanghai, java.awt.printerjob=sun.awt.windows.WPrinterJob, file.encoding=GBK, java.specification.version=1.8, java.class.path=D:\workspace\idea\girls\target\test-classes;D:\workspace\idea\girls\target\classes;D:\workspace\idea\girls\plug\maven\repo\org\springframework\boot\spring-boot-starter-data-jpa\1.5.10.RELEASE\spring-boot-starter-data-jpa-1.5.10.RELEASE.jar;D:\workspace\idea\girls\plug\maven\repo\org\springframework\boot\spring-boot-starter\1.5.10.RELEASE\spring-boot-starter-1.5.10.RELEASE.jar;D:\workspace\idea\girls\plug\maven\repo\org\springframework\boot\spring-boot\1.5.10.RELEASE\spring-boot-1.5.10.RELEASE.jar;D:\workspace\idea\girls\plug\maven\repo\org\springframework\boot\spring-boot-autoconfigure\1.5.10.RELEASE\spring-boot-autoconfigure-1.5.10.RELEASE.jar;D:\workspace\idea\girls\plug\maven\repo\org\springframework\boot\spring-boot-starter-logging\1.5.10.RELEASE\spring-boot-starter-logging-1.5.10.RELEASE.jar;D:\workspace\idea\girls\plug\maven\repo\ch\qos\logback\logback-classic\1.1.11\logback-classic-1.1.11.jar;D:\workspace\idea\girls\plug\maven\repo\ch\qos\logback\logback-core\1.1.11\logback-core-1.1.11.jar;D:\workspace\idea\girls\plug\maven\repo\org\slf4j\jul-to-slf4j\1.7.25\jul-to-slf4j-1.7.25.jar;D:\workspace\idea\girls\plug\maven\repo\org\slf4j\log4j-over-slf4j\1.7.25\log4j-over-slf4j-1.7.25.jar;D:\workspace\idea\girls\plug\maven\repo\org\yaml\snakeyaml\1.17\snakeyaml-1.17.jar;D:\workspace\idea\girls\plug\maven\repo\org\springframework\boot\spring-boot-starter-aop\1.5.10.RELEASE\spring-boot-starter-aop-1.5.10.RELEASE.jar;D:\workspace\idea\girls\plug\maven\repo\org\springframework\spring-aop\4.3.14.RELEASE\spring-aop-4.3.14.RELEASE.jar;D:\workspace\idea\girls\plug\maven\repo\org\aspectj\aspectjweaver\1.8.13\aspectjweaver-1.8.13.jar;D:\workspace\idea\girls\plug\maven\repo\org\springframework\boot\spring-boot-starter-jdbc\1.5.10.RELEASE\spring-boot-starter-jdbc-1.5.10.RELEASE.jar;D:\workspace\idea\girls\plug\maven\repo\org\apache\tomcat\tomcat-jdbc\8.5.27\tomcat-jdbc-8.5.27.jar;D:\workspace\idea\girls\plug\maven\repo\org\apache\tomcat\tomcat-juli\8.5.27\tomcat-juli-8.5.27.jar;D:\workspace\idea\girls\plug\maven\repo\org\springframework\spring-jdbc\4.3.14.RELEASE\spring-jdbc-4.3.14.RELEASE.jar;D:\workspace\idea\girls\plug\maven\repo\org\hibernate\hibernate-core\5.0.12.Final\hibernate-core-5.0.12.Final.jar;D:\workspace\idea\girls\plug\maven\repo\org\jboss\logging\jboss-logging\3.3.1.Final\jboss-logging-3.3.1.Final.jar;D:\workspace\idea\girls\plug\maven\repo\org\hibernate\javax\persistence\hibernate-jpa-2.1-api\1.0.0.Final\hibernate-jpa-2.1-api-1.0.0.Final.jar;D:\workspace\idea\girls\plug\maven\repo\org\javassist\javassist\3.21.0-GA\javassist-3.21.0-GA.jar;D:\workspace\idea\girls\plug\maven\repo\antlr\antlr\2.7.7\antlr-2.7.7.jar;D:\workspace\idea\girls\plug\maven\repo\org\jboss\jandex\2.0.0.Final\jandex-2.0.0.Final.jar;D:\workspace\idea\girls\plug\maven\repo\dom4j\dom4j\1.6.1\dom4j-1.6.1.jar;D:\workspace\idea\girls\plug\maven\repo\org\hibernate\common\hibernate-commons-annotations\5.0.1.Final\hibernate-commons-annotations-5.0.1.Final.jar;D:\workspace\idea\girls\plug\maven\repo\org\hibernate\hibernate-entitymanager\5.0.12.Final\hibernate-entitymanager-5.0.12.Final.jar;D:\workspace\idea\girls\plug\maven\repo\javax\transaction\javax.transaction-api\1.2\javax.transaction-api-1.2.jar;D:\workspace\idea\girls\plug\maven\repo\org\springframework\data\spring-data-jpa\1.11.10.RELEASE\spring-data-jpa-1.11.10.RELEASE.jar;D:\workspace\idea\girls\plug\maven\repo\org\springframework\data\spring-data-commons\1.13.10.RELEASE\spring-data-commons-1.13.10.RELEASE.jar;D:\workspace\idea\girls\plug\maven\repo\org\springframework\spring-orm\4.3.14.RELEASE\spring-orm-4.3.14.RELEASE.jar;D:\workspace\idea\girls\plug\maven\repo\org\springframework\spring-context\4.3.14.RELEASE\spring-context-4.3.14.RELEASE.jar;D:\workspace\idea\girls\plug\maven\repo\org\springframework\spring-tx\4.3.14.RELEASE\spring-tx-4.3.14.RELEASE.jar;D:\workspace\idea\girls\plug\maven\repo\org\springframework\spring-beans\4.3.14.RELEASE\spring-beans-4.3.14.RELEASE.jar;D:\workspace\idea\girls\plug\maven\repo\org\slf4j\jcl-over-slf4j\1.7.25\jcl-over-slf4j-1.7.25.jar;D:\workspace\idea\girls\plug\maven\repo\org\springframework\spring-aspects\4.3.14.RELEASE\spring-aspects-4.3.14.RELEASE.jar;D:\workspace\idea\girls\plug\maven\repo\org\springframework\boot\spring-boot-starter-data-redis\1.5.10.RELEASE\spring-boot-starter-data-redis-1.5.10.RELEASE.jar;D:\workspace\idea\girls\plug\maven\repo\org\springframework\data\spring-data-redis\1.8.10.RELEASE\spring-data-redis-1.8.10.RELEASE.jar;D:\workspace\idea\girls\plug\maven\repo\org\springframework\data\spring-data-keyvalue\1.2.10.RELEASE\spring-data-keyvalue-1.2.10.RELEASE.jar;D:\workspace\idea\girls\plug\maven\repo\org\springframework\spring-oxm\4.3.14.RELEASE\spring-oxm-4.3.14.RELEASE.jar;D:\workspace\idea\girls\plug\maven\repo\org\springframework\spring-context-support\4.3.14.RELEASE\spring-context-support-4.3.14.RELEASE.jar;D:\workspace\idea\girls\plug\maven\repo\redis\clients\jedis\2.9.0\jedis-2.9.0.jar;D:\workspace\idea\girls\plug\maven\repo\org\springframework\boot\spring-boot-starter-web\1.5.10.RELEASE\spring-boot-starter-web-1.5.10.RELEASE.jar;D:\workspace\idea\girls\plug\maven\repo\org\springframework\boot\spring-boot-starter-tomcat\1.5.10.RELEASE\spring-boot-starter-tomcat-1.5.10.RELEASE.jar;D:\workspace\idea\girls\plug\maven\repo\org\apache\tomcat\embed\tomcat-embed-core\8.5.27\tomcat-embed-core-8.5.27.jar;D:\workspace\idea\girls\plug\maven\repo\org\apache\tomcat\tomcat-annotations-api\8.5.27\tomcat-annotations-api-8.5.27.jar;D:\workspace\idea\girls\plug\maven\repo\org\apache\tomcat\embed\tomcat-embed-el\8.5.27\tomcat-embed-el-8.5.27.jar;D:\workspace\idea\girls\plug\maven\repo\org\apache\tomcat\embed\tomcat-embed-websocket\8.5.27\tomcat-embed-websocket-8.5.27.jar;D:\workspace\idea\girls\plug\maven\repo\org\hibernate\hibernate-validator\5.3.6.Final\hibernate-validator-5.3.6.Final.jar;D:\workspace\idea\girls\plug\maven\repo\javax\validation\validation-api\1.1.0.Final\validation-api-1.1.0.Final.jar;D:\workspace\idea\girls\plug\maven\repo\com\fasterxml\jackson\core\jackson-databind\2.8.10\jackson-databind-2.8.10.jar;D:\workspace\idea\girls\plug\maven\repo\com\fasterxml\jackson\core\jackson-annotations\2.8.0\jackson-annotations-2.8.0.jar;D:\workspace\idea\girls\plug\maven\repo\com\fasterxml\jackson\core\jackson-core\2.8.10\jackson-core-2.8.10.jar;D:\workspace\idea\girls\plug\maven\repo\org\springframework\spring-web\4.3.14.RELEASE\spring-web-4.3.14.RELEASE.jar;D:\workspace\idea\girls\plug\maven\repo\org\springframework\spring-webmvc\4.3.14.RELEASE\spring-webmvc-4.3.14.RELEASE.jar;D:\workspace\idea\girls\plug\maven\repo\org\springframework\spring-expression\4.3.14.RELEASE\spring-expression-4.3.14.RELEASE.jar;D:\workspace\idea\girls\plug\maven\repo\mysql\mysql-connector-java\5.1.45\mysql-connector-java-5.1.45.jar;D:\workspace\idea\girls\plug\maven\repo\org\springframework\boot\spring-boot-starter-test\1.5.10.RELEASE\spring-boot-starter-test-1.5.10.RELEASE.jar;D:\workspace\idea\girls\plug\maven\repo\org\springframework\boot\spring-boot-test\1.5.10.RELEASE\spring-boot-test-1.5.10.RELEASE.jar;D:\workspace\idea\girls\plug\maven\repo\org\springframework\boot\spring-boot-test-autoconfigure\1.5.10.RELEASE\spring-boot-test-autoconfigure-1.5.10.RELEASE.jar;D:\workspace\idea\girls\plug\maven\repo\com\jayway\jsonpath\json-path\2.2.0\json-path-2.2.0.jar;D:\workspace\idea\girls\plug\maven\repo\net\minidev\json-smart\2.2.1\json-smart-2.2.1.jar;D:\workspace\idea\girls\plug\maven\repo\net\minidev\accessors-smart\1.1\accessors-smart-1.1.jar;D:\workspace\idea\girls\plug\maven\repo\org\ow2\asm\asm\5.0.3\asm-5.0.3.jar;D:\workspace\idea\girls\plug\maven\repo\junit\junit\4.12\junit-4.12.jar;D:\workspace\idea\girls\plug\maven\repo\org\assertj\assertj-core\2.6.0\assertj-core-2.6.0.jar;D:\workspace\idea\girls\plug\maven\repo\org\mockito\mockito-core\1.10.19\mockito-core-1.10.19.jar;D:\workspace\idea\girls\plug\maven\repo\org\objenesis\objenesis\2.1\objenesis-2.1.jar;D:\workspace\idea\girls\plug\maven\repo\org\hamcrest\hamcrest-core\1.3\hamcrest-core-1.3.jar;D:\workspace\idea\girls\plug\maven\repo\org\hamcrest\hamcrest-library\1.3\hamcrest-library-1.3.jar;D:\workspace\idea\girls\plug\maven\repo\org\skyscreamer\jsonassert\1.4.0\jsonassert-1.4.0.jar;D:\workspace\idea\girls\plug\maven\repo\com\vaadin\external\google\android-json\0.0.20131108.vaadin1\android-json-0.0.20131108.vaadin1.jar;D:\workspace\idea\girls\plug\maven\repo\org\springframework\spring-core\4.3.14.RELEASE\spring-core-4.3.14.RELEASE.jar;D:\workspace\idea\girls\plug\maven\repo\org\springframework\spring-test\4.3.14.RELEASE\spring-test-4.3.14.RELEASE.jar;D:\workspace\idea\girls\plug\maven\repo\org\apache\commons\commons-lang3\3.6\commons-lang3-3.6.jar;D:\workspace\idea\girls\plug\maven\repo\net\oschina\zcx7878\fastdfs-client-java\1.27.0.0\fastdfs-client-java-1.27.0.0.jar;D:\workspace\idea\girls\plug\maven\repo\org\springframework\session\spring-session-data-redis\1.3.1.RELEASE\spring-session-data-redis-1.3.1.RELEASE.jar;D:\workspace\idea\girls\plug\maven\repo\org\apache\commons\commons-pool2\2.4.3\commons-pool2-2.4.3.jar;D:\workspace\idea\girls\plug\maven\repo\org\springframework\session\spring-session\1.3.1.RELEASE\spring-session-1.3.1.RELEASE.jar;D:\workspace\idea\girls\plug\maven\repo\io\springfox\springfox-swagger2\2.8.0\springfox-swagger2-2.8.0.jar;D:\workspace\idea\girls\plug\maven\repo\io\swagger\swagger-annotations\1.5.14\swagger-annotations-1.5.14.jar;D:\workspace\idea\girls\plug\maven\repo\io\swagger\swagger-models\1.5.14\swagger-models-1.5.14.jar;D:\workspace\idea\girls\plug\maven\repo\io\springfox\springfox-spi\2.8.0\springfox-spi-2.8.0.jar;D:\workspace\idea\girls\plug\maven\repo\io\springfox\springfox-core\2.8.0\springfox-core-2.8.0.jar;D:\workspace\idea\girls\plug\maven\repo\net\bytebuddy\byte-buddy\1.7.9\byte-buddy-1.7.9.jar;D:\workspace\idea\girls\plug\maven\repo\io\springfox\springfox-schema\2.8.0\springfox-schema-2.8.0.jar;D:\workspace\idea\girls\plug\maven\repo\io\springfox\springfox-swagger-common\2.8.0\springfox-swagger-common-2.8.0.jar;D:\workspace\idea\girls\plug\maven\repo\io\springfox\springfox-spring-web\2.8.0\springfox-spring-web-2.8.0.jar;D:\workspace\idea\girls\plug\maven\repo\org\reflections\reflections\0.9.11\reflections-0.9.11.jar;D:\workspace\idea\girls\plug\maven\repo\com\google\guava\guava\20.0\guava-20.0.jar;D:\workspace\idea\girls\plug\maven\repo\com\fasterxml\classmate\1.3.4\classmate-1.3.4.jar;D:\workspace\idea\girls\plug\maven\repo\org\slf4j\slf4j-api\1.7.25\slf4j-api-1.7.25.jar;D:\workspace\idea\girls\plug\maven\repo\org\springframework\plugin\spring-plugin-core\1.2.0.RELEASE\spring-plugin-core-1.2.0.RELEASE.jar;D:\workspace\idea\girls\plug\maven\repo\org\springframework\plugin\spring-plugin-metadata\1.2.0.RELEASE\spring-plugin-metadata-1.2.0.RELEASE.jar;D:\workspace\idea\girls\plug\maven\repo\org\mapstruct\mapstruct\1.2.0.Final\mapstruct-1.2.0.Final.jar;D:\workspace\idea\girls\plug\maven\repo\io\springfox\springfox-swagger-ui\2.8.0\springfox-swagger-ui-2.8.0.jar;, user.name=Magic, java.vm.specification.version=1.8, sun.java.command=D:\workspace\idea\girls\target\surefire\surefirebooter449553205229506414.jar D:\workspace\idea\girls\target\surefire\surefire6049865706440047001tmp D:\workspace\idea\girls\target\surefire\surefire_05500437349487783176tmp, java.home=C:\Program Files\Java\jdk1.8.0_91\jre, sun.arch.data.model=64, user.language=zh, java.specification.vendor=Oracle Corporation, awt.toolkit=sun.awt.windows.WToolkit, java.vm.info=mixed mode, java.version=1.8.0_91, java.ext.dirs=C:\Program Files\Java\jdk1.8.0_91\jre\lib\ext;C:\WINDOWS\Sun\Java\lib\ext, sun.boot.class.path=C:\Program Files\Java\jdk1.8.0_91\jre\lib\resources.jar;C:\Program Files\Java\jdk1.8.0_91\jre\lib\rt.jar;C:\Program Files\Java\jdk1.8.0_91\jre\lib\sunrsasign.jar;C:\Program Files\Java\jdk1.8.0_91\jre\lib\jsse.jar;C:\Program Files\Java\jdk1.8.0_91\jre\lib\jce.jar;C:\Program Files\Java\jdk1.8.0_91\jre\lib\charsets.jar;C:\Program Files\Java\jdk1.8.0_91\jre\lib\jfr.jar;C:\Program Files\Java\jdk1.8.0_91\jre\classes, java.vendor=Oracle Corporation, localRepository=D:\workspace\idea\girls\plug\maven\repo, file.separator=\, java.vendor.url.bug=http://bugreport.sun.com/bugreport/, sun.io.unicode.encoding=UnicodeLittle, sun.cpu.endian=little, sun.desktop=windows, sun.cpu.isalist=amd64}}, SystemEnvironmentPropertySource@385337537 {name='systemEnvironment', properties={PATH=C:\ProgramData\Oracle\Java\javapath;C:\Program Files (x86)\Intel\iCLS Client\;C:\Program Files\Intel\iCLS Client\;C:\Windows\system32;C:\Windows;C:\Windows\System32\Wbem;C:\Windows\System32\WindowsPowerShell\v1.0\;C:\Program Files (x86)\NVIDIA Corporation\PhysX\Common;C:\Program Files (x86)\Intel\Intel(R) Management Engine Components\DAL;C:\Program Files\Intel\Intel(R) Management Engine Components\DAL;C:\Program Files (x86)\Intel\Intel(R) Management Engine Components\IPT;C:\Program Files\Intel\Intel(R) Management Engine Components\IPT;C:\Program Files\Java\jdk1.8.0_91\bin;C:\Program Files\Java\jdk1.8.0_91\jre\bin;C:\WINDOWS\system32;C:\WINDOWS;C:\WINDOWS\System32\Wbem;C:\WINDOWS\System32\WindowsPowerShell\v1.0\;D:\plug\maven\apache-maven-3.5.0\bin;D:\Program Files (x86)\mysql;C:\Program Files\Intel\WiFi\bin\;C:\Program Files\Common Files\Intel\WirelessCommon\;C:\Program Files\TortoiseSVN\bin;C:\Users\Magic\AppData\Local\Microsoft\WindowsApps;D:\Program Files\Bandizip\;C:\Program Files\Intel\WiFi\bin\;C:\Program Files\Common Files\Intel\WirelessCommon\;, USERDOMAIN_ROAMINGPROFILE=DESKTOP-C1G5MO1, LOCALAPPDATA=C:\Users\Magic\AppData\Local, PROCESSOR_LEVEL=6, SYSTEMDRIVE=C:, COMMONPROGRAMFILES(X86)=C:\Program Files (x86)\Common Files, USERDOMAIN=DESKTOP-C1G5MO1, FPS_BROWSER_APP_PROFILE_STRING=Internet Explorer, LOGONSERVER=\\DESKTOP-C1G5MO1, JAVA_HOME=C:\Program Files\Java\jdk1.8.0_91, PROMPT=$P$G, SESSIONNAME=Console, ALLUSERSPROFILE=C:\ProgramData, PROGRAMFILES(X86)=C:\Program Files (x86), PROCESSOR_ARCHITECTURE=AMD64, PROGRAMFILES=C:\Program Files, APPDATA=C:\Users\Magic\AppData\Roaming, PSMODULEPATH=C:\Program Files\WindowsPowerShell\Modules;C:\WINDOWS\system32\WindowsPowerShell\v1.0\Modules, PROGRAMW6432=C:\Program Files, PROGRAMDATA=C:\ProgramData, SYSTEMROOT=C:\WINDOWS, USERNAME=Magic, VBOX_MSI_INSTALL_PATH=D:\Program Files\Oracle\VirtualBox\, FPS_BROWSER_USER_PROFILE_STRING=Default, ONEDRIVE=C:\Users\Magic\OneDrive, PATHEXT=.COM;.EXE;.BAT;.CMD;.VBS;.VBE;.JS;.JSE;.WSF;.WSH;.MSC, OS=Windows_NT, COMMONPROGRAMW6432=C:\Program Files\Common Files, COMPUTERNAME=DESKTOP-C1G5MO1, COMMONPROGRAMFILES=C:\Program Files\Common Files, COMSPEC=C:\WINDOWS\system32\cmd.exe, PROCESSOR_REVISION=9e09, CLASSPATH=.;C:\Program Files\Java\jdk1.8.0_91\lib\dt.jar;C:\Program Files\Java\jdk1.8.0_91\lib\tools.jar, WINDIR=C:\WINDOWS, =D:=D:\workspace\idea\girls, HOMEPATH=\Users\Magic, TEMP=C:\Users\Magic\AppData\Local\Temp, HOMEDRIVE=C:, PROCESSOR_IDENTIFIER=Intel64 Family 6 Model 158 Stepping 9, GenuineIntel, USERPROFILE=C:\Users\Magic, TMP=C:\Users\Magic\AppData\Local\Temp, M2_HOME=D:\plug\maven\apache-maven-3.5.0, PUBLIC=C:\Users\Public, NUMBER_OF_PROCESSORS=8, =::=::\}}]
16:17:42.516 [main] DEBUG org.springframework.core.io.support.PathMatchingResourcePatternResolver - Resolved classpath location [com/lss/girls/] to resources [URL [file:/D:/workspace/idea/girls/target/test-classes/com/lss/girls/], URL [file:/D:/workspace/idea/girls/target/classes/com/lss/girls/]]
16:17:42.516 [main] DEBUG org.springframework.core.io.support.PathMatchingResourcePatternResolver - Looking for matching resources in directory tree [D:\workspace\idea\girls\target\test-classes\com\lss\girls]
16:17:42.516 [main] DEBUG org.springframework.core.io.support.PathMatchingResourcePatternResolver - Searching directory [D:\workspace\idea\girls\target\test-classes\com\lss\girls] for files matching pattern [D:/workspace/idea/girls/target/test-classes/com/lss/girls/*.class]
16:17:42.517 [main] DEBUG org.springframework.core.io.support.PathMatchingResourcePatternResolver - Looking for matching resources in directory tree [D:\workspace\idea\girls\target\classes\com\lss\girls]
16:17:42.517 [main] DEBUG org.springframework.core.io.support.PathMatchingResourcePatternResolver - Searching directory [D:\workspace\idea\girls\target\classes\com\lss\girls] for files matching pattern [D:/workspace/idea/girls/target/classes/com/lss/girls/*.class]
16:17:42.518 [main] DEBUG org.springframework.core.io.support.PathMatchingResourcePatternResolver - Resolved location pattern [classpath*:com/lss/girls/*.class] to resources [file [D:\workspace\idea\girls\target\test-classes\com\lss\girls\GirlsApplicationTests.class], file [D:\workspace\idea\girls\target\classes\com\lss\girls\GirlsApplication.class]]
16:17:42.594 [main] DEBUG org.springframework.context.annotation.ClassPathScanningCandidateComponentProvider - Identified candidate component class: file [D:\workspace\idea\girls\target\classes\com\lss\girls\GirlsApplication.class]
16:17:42.595 [main] INFO org.springframework.boot.test.context.SpringBootTestContextBootstrapper - Found @SpringBootConfiguration com.lss.girls.GirlsApplication for test class com.lss.girls.GirlsApplicationTests
16:17:42.604 [main] DEBUG org.springframework.boot.test.context.SpringBootTestContextBootstrapper - @TestExecutionListeners is not present for class [com.lss.girls.GirlsApplicationTests]: using defaults.
16:17:42.620 [main] INFO org.springframework.boot.test.context.SpringBootTestContextBootstrapper - Loaded default TestExecutionListener class names from location [META-INF/spring.factories]: [org.springframework.boot.test.mock.mockito.MockitoTestExecutionListener, org.springframework.boot.test.mock.mockito.ResetMocksTestExecutionListener, org.springframework.boot.test.autoconfigure.restdocs.RestDocsTestExecutionListener, org.springframework.boot.test.autoconfigure.web.client.MockRestServiceServerResetTestExecutionListener, org.springframework.boot.test.autoconfigure.web.servlet.MockMvcPrintOnlyOnFailureTestExecutionListener, org.springframework.boot.test.autoconfigure.web.servlet.WebDriverTestExecutionListener, org.springframework.test.context.web.ServletTestExecutionListener, org.springframework.test.context.support.DirtiesContextBeforeModesTestExecutionListener, org.springframework.test.context.support.DependencyInjectionTestExecutionListener, org.springframework.test.context.support.DirtiesContextTestExecutionListener, org.springframework.test.context.transaction.TransactionalTestExecutionListener, org.springframework.test.context.jdbc.SqlScriptsTestExecutionListener]
16:17:42.697 [main] INFO org.springframework.boot.test.context.SpringBootTestContextBootstrapper - Using TestExecutionListeners: [org.springframework.test.context.web.ServletTestExecutionListener@3bbc39f8, org.springframework.test.context.support.DirtiesContextBeforeModesTestExecutionListener@4ae3c1cd, org.springframework.boot.test.autoconfigure.SpringBootDependencyInjectionTestExecutionListener@29f69090, org.springframework.test.context.support.DirtiesContextTestExecutionListener@568bf312, org.springframework.test.context.transaction.TransactionalTestExecutionListener@ca263c2, org.springframework.test.context.jdbc.SqlScriptsTestExecutionListener@589b3632, org.springframework.boot.test.mock.mockito.MockitoTestExecutionListener@45f45fa1, org.springframework.boot.test.mock.mockito.ResetMocksTestExecutionListener@4c6e276e, org.springframework.boot.test.autoconfigure.restdocs.RestDocsTestExecutionListener@534df152, org.springframework.boot.test.autoconfigure.web.client.MockRestServiceServerResetTestExecutionListener@52e677af, org.springframework.boot.test.autoconfigure.web.servlet.MockMvcPrintOnlyOnFailureTestExecutionListener@35083305, org.springframework.boot.test.autoconfigure.web.servlet.WebDriverTestExecutionListener@8e0379d]
16:17:42.706 [main] DEBUG org.springframework.test.annotation.ProfileValueUtils - Retrieved @ProfileValueSourceConfiguration [null] for test class [com.lss.girls.GirlsApplicationTests]
16:17:42.708 [main] DEBUG org.springframework.test.annotation.ProfileValueUtils - Retrieved ProfileValueSource type [class org.springframework.test.annotation.SystemProfileValueSource] for class [com.lss.girls.GirlsApplicationTests]
16:17:42.712 [main] DEBUG org.springframework.test.context.junit4.SpringJUnit4ClassRunner - SpringJUnit4ClassRunner constructor called with [class com.lss.dao.GirlRepositoryTest]
16:17:42.712 [main] DEBUG org.springframework.test.context.BootstrapUtils - Instantiating CacheAwareContextLoaderDelegate from class [org.springframework.test.context.cache.DefaultCacheAwareContextLoaderDelegate]
16:17:42.713 [main] DEBUG org.springframework.test.context.BootstrapUtils - Instantiating BootstrapContext using constructor [public org.springframework.test.context.support.DefaultBootstrapContext(java.lang.Class,org.springframework.test.context.CacheAwareContextLoaderDelegate)]
16:17:42.713 [main] DEBUG org.springframework.test.context.BootstrapUtils - Instantiating TestContextBootstrapper for test class [com.lss.dao.GirlRepositoryTest] from class [org.springframework.boot.test.context.SpringBootTestContextBootstrapper]
16:17:42.713 [main] INFO org.springframework.boot.test.context.SpringBootTestContextBootstrapper - Neither @ContextConfiguration nor @ContextHierarchy found for test class [com.lss.dao.GirlRepositoryTest], using SpringBootContextLoader
[...]
pring-aop\4.3.14.RELEASE\spring-aop-4.3.14.RELEASE.jar;D:\workspace\idea\girls\plug\maven\repo\org\aspectj\aspectjweaver\1.8.13\aspectjweaver-1.8.13.jar;D:\workspace\idea\girls\plug\maven\repo\org\springframework\boot\spring-boot-starter-jdbc\1.5.10.RELEASE\spring-boot-starter-jdbc-1.5.10.RELEASE.jar;D:\workspace\idea\girls\plug\maven\repo\org\apache\tomcat\tomcat-jdbc\8.5.27\tomcat-jdbc-8.5.27.jar;D:\workspace\idea\girls\plug\maven\repo\org\apache\tomcat\tomcat-juli\8.5.27\tomcat-juli-8.5.27.jar;D:\workspace\idea\girls\plug\maven\repo\org\springframework\spring-jdbc\4.3.14.RELEASE\spring-jdbc-4.3.14.RELEASE.jar;D:\workspace\idea\girls\plug\maven\repo\org\hibernate\hibernate-core\5.0.12.Final\hibernate-core-5.0.12.Final.jar;D:\workspace\idea\girls\plug\maven\repo\org\jboss\logging\jboss-logging\3.3.1.Final\jboss-logging-3.3.1.Final.jar;D:\workspace\idea\girls\plug\maven\repo\org\hibernate\javax\persistence\hibernate-jpa-2.1-api\1.0.0.Final\hibernate-jpa-2.1-api-1.0.0.Final.jar;D:\workspace\idea\girls\plug\maven\repo\org\javassist\javassist\3.21.0-GA\javassist-3.21.0-GA.jar;D:\workspace\idea\girls\plug\maven\repo\antlr\antlr\2.7.7\antlr-2.7.7.jar;D:\workspace\idea\girls\plug\maven\repo\org\jboss\jandex\2.0.0.Final\jandex-2.0.0.Final.jar;D:\workspace\idea\girls\plug\maven\repo\dom4j\dom4j\1.6.1\dom4j-1.6.1.jar;D:\workspace\idea\girls\plug\maven\repo\org\hibernate\common\hibernate-commons-annotations\5.0.1.Final\hibernate-commons-annotations-5.0.1.Final.jar;D:\workspace\idea\girls\plug\maven\repo\org\hibernate\hibernate-entitymanager\5.0.12.Final\hibernate-entitymanager-5.0.12.Final.jar;D:\workspace\idea\girls\plug\maven\repo\javax\transaction\javax.transaction-api\1.2\javax.transaction-api-1.2.jar;D:\workspace\idea\girls\plug\maven\repo\org\springframework\data\spring-data-jpa\1.11.10.RELEASE\spring-data-jpa-1.11.10.RELEASE.jar;D:\workspace\idea\girls\plug\maven\repo\org\springframework\data\spring-data-commons\1.13.10.RELEASE\spring-data-commons-1.13.10.RELEASE.jar;D:\workspace\idea\girls\plug\maven\repo\org\springframework\spring-orm\4.3.14.RELEASE\spring-orm-4.3.14.RELEASE.jar;D:\workspace\idea\girls\plug\maven\repo\org\springframework\spring-context\4.3.14.RELEASE\spring-context-4.3.14.RELEASE.jar;D:\workspace\idea\girls\plug\maven\repo\org\springframework\spring-tx\4.3.14.RELEASE\spring-tx-4.3.14.RELEASE.jar;D:\workspace\idea\girls\plug\maven\repo\org\springframework\spring-beans\4.3.14.RELEASE\spring-beans-4.3.14.RELEASE.jar;D:\workspace\idea\girls\plug\maven\repo\org\slf4j\jcl-over-slf4j\1.7.25\jcl-over-slf4j-1.7.25.jar;D:\workspace\idea\girls\plug\maven\repo\org\springframework\spring-aspects\4.3.14.RELEASE\spring-aspects-4.3.14.RELEASE.jar;D:\workspace\idea\girls\plug\maven\repo\org\springframework\boot\spring-boot-starter-data-redis\1.5.10.RELEASE\spring-boot-starter-data-redis-1.5.10.RELEASE.jar;D:\workspace\idea\girls\plug\maven\repo\org\springframework\data\spring-data-redis\1.8.10.RELEASE\spring-data-redis-1.8.10.RELEASE.jar;D:\workspace\idea\girls\plug\maven\repo\org\springframework\data\spring-data-keyvalue\1.2.10.RELEASE\spring-data-keyvalue-1.2.10.RELEASE.jar;D:\workspace\idea\girls\plug\maven\repo\org\springframework\spring-oxm\4.3.14.RELEASE\spring-oxm-4.3.14.RELEASE.jar;D:\workspace\idea\girls\plug\maven\repo\org\springframework\spring-context-support\4.3.14.RELEASE\spring-context-support-4.3.14.RELEASE.jar;D:\workspace\idea\girls\plug\maven\repo\redis\clients\jedis\2.9.0\jedis-2.9.0.jar;D:\workspace\idea\girls\plug\maven\repo\org\springframework\boot\spring-boot-starter-web\1.5.10.RELEASE\spring-boot-starter-web-1.5.10.RELEASE.jar;D:\workspace\idea\girls\plug\maven\repo\org\springframework\boot\spring-boot-starter-tomcat\1.5.10.RELEASE\spring-boot-starter-tomcat-1.5.10.RELEASE.jar;D:\workspace\idea\girls\plug\maven\repo\org\apache\tomcat\embed\tomcat-embed-core\8.5.27\tomcat-embed-core-8.5.27.jar;D:\workspace\idea\girls\plug\maven\repo\org\apache\tomcat\tomcat-annotations-api\8.5.27\tomcat-annotations-api-8.5.27.jar;D:\workspace\idea\girls\plug\maven\repo\org\apache\tomcat\embed\tomcat-embed-el\8.5.27\tomcat-embed-el-8.5.27.jar;D:\workspace\idea\girls\plug\maven\repo\org\apache\tomcat\embed\tomcat-embed-websocket\8.5.27\tomcat-embed-websocket-8.5.27.jar;D:\workspace\idea\girls\plug\maven\repo\org\hibernate\hibernate-validator\5.3.6.Final\hibernate-validator-5.3.6.Final.jar;D:\workspace\idea\girls\plug\maven\repo\javax\validation\validation-api\1.1.0.Final\validation-api-1.1.0.Final.jar;D:\workspace\idea\girls\plug\maven\repo\com\fasterxml\jackson\core\jackson-databind\2.8.10\jackson-databind-2.8.10.jar;D:\workspace\idea\girls\plug\maven\repo\com\fasterxml\jackson\core\jackson-annotations\2.8.0\jackson-annotations-2.8.0.jar;D:\workspace\idea\girls\plug\maven\repo\com\fasterxml\jackson\core\jackson-core\2.8.10\jackson-core-2.8.10.jar;D:\workspace\idea\girls\plug\maven\repo\org\springframework\spring-web\4.3.14.RELEASE\spring-web-4.3.14.RELEASE.jar;D:\workspace\idea\girls\plug\maven\repo\org\springframework\spring-webmvc\4.3.14.RELEASE\spring-webmvc-4.3.14.RELEASE.jar;D:\workspace\idea\girls\plug\maven\repo\org\springframework\spring-expression\4.3.14.RELEASE\spring-expression-4.3.14.RELEASE.jar;D:\workspace\idea\girls\plug\maven\repo\mysql\mysql-connector-java\5.1.45\mysql-connector-java-5.1.45.jar;D:\workspace\idea\girls\plug\maven\repo\org\springframework\boot\spring-boot-starter-test\1.5.10.RELEASE\spring-boot-starter-test-1.5.10.RELEASE.jar;D:\workspace\idea\girls\plug\maven\repo\org\springframework\boot\spring-boot-test\1.5.10.RELEASE\spring-boot-test-1.5.10.RELEASE.jar;D:\workspace\idea\girls\plug\maven\repo\org\springframework\boot\spring-boot-test-autoconfigure\1.5.10.RELEASE\spring-boot-test-autoconfigure-1.5.10.RELEASE.jar;D:\workspace\idea\girls\plug\maven\repo\com\jayway\jsonpath\json-path\2.2.0\json-path-2.2.0.jar;D:\workspace\idea\girls\plug\maven\repo\net\minidev\json-smart\2.2.1\json-smart-2.2.1.jar;D:\workspace\idea\girls\plug\maven\repo\net\minidev\accessors-smart\1.1\accessors-smart-1.1.jar;D:\workspace\idea\girls\plug\maven\repo\org\ow2\asm\asm\5.0.3\asm-5.0.3.jar;D:\workspace\idea\girls\plug\maven\repo\junit\junit\4.12\junit-4.12.jar;D:\workspace\idea\girls\plug\maven\repo\org\assertj\assertj-core\2.6.0\assertj-core-2.6.0.jar;D:\workspace\idea\girls\plug\maven\repo\org\mockito\mockito-core\1.10.19\mockito-core-1.10.19.jar;D:\workspace\idea\girls\plug\maven\repo\org\objenesis\objenesis\2.1\objenesis-2.1.jar;D:\workspace\idea\girls\plug\maven\repo\org\hamcrest\hamcrest-core\1.3\hamcrest-core-1.3.jar;D:\workspace\idea\girls\plug\maven\repo\org\hamcrest\hamcrest-library\1.3\hamcrest-library-1.3.jar;D:\workspace\idea\girls\plug\maven\repo\org\skyscreamer\jsonassert\1.4.0\jsonassert-1.4.0.jar;D:\workspace\idea\girls\plug\maven\repo\com\vaadin\external\google\android-json\0.0.20131108.vaadin1\android-json-0.0.20131108.vaadin1.jar;D:\workspace\idea\girls\plug\maven\repo\org\springframework\spring-core\4.3.14.RELEASE\spring-core-4.3.14.RELEASE.jar;D:\workspace\idea\girls\plug\maven\repo\org\springframework\spring-test\4.3.14.RELEASE\spring-test-4.3.14.RELEASE.jar;D:\workspace\idea\girls\plug\maven\repo\org\apache\commons\commons-lang3\3.6\commons-lang3-3.6.jar;D:\workspace\idea\girls\plug\maven\repo\net\oschina\zcx7878\fastdfs-client-java\1.27.0.0\fastdfs-client-java-1.27.0.0.jar;D:\workspace\idea\girls\plug\maven\repo\org\springframework\session\spring-session-data-redis\1.3.1.RELEASE\spring-session-data-redis-1.3.1.RELEASE.jar;D:\workspace\idea\girls\plug\maven\repo\org\apache\commons\commons-pool2\2.4.3\commons-pool2-2.4.3.jar;D:\workspace\idea\girls\plug\maven\repo\org\springframework\session\spring-session\1.3.1.RELEASE\spring-session-1.3.1.RELEASE.jar;D:\workspace\idea\girls\plug\maven\repo\io\springfox\springfox-swagger2\2.8.0\springfox-swagger2-2.8.0.jar;D:\workspace\idea\girls\plug\maven\repo\io\swagger\swagger-annotations\1.5.14\swagger-annotations-1.5.14.jar;D:\workspace\idea\girls\plug\maven\repo\io\swagger\swagger-models\1.5.14\swagger-models-1.5.14.jar;D:\workspace\idea\girls\plug\maven\repo\io\springfox\springfox-spi\2.8.0\springfox-spi-2.8.0.jar;D:\workspace\idea\girls\plug\maven\repo\io\springfox\springfox-core\2.8.0\springfox-core-2.8.0.jar;D:\workspace\idea\girls\plug\maven\repo\net\bytebuddy\byte-buddy\1.7.9\byte-buddy-1.7.9.jar;D:\workspace\idea\girls\plug\maven\repo\io\springfox\springfox-schema\2.8.0\springfox-schema-2.8.0.jar;D:\workspace\idea\girls\plug\maven\repo\io\springfox\springfox-swagger-common\2.8.0\springfox-swagger-common-2.8.0.jar;D:\workspace\idea\girls\plug\maven\repo\io\springfox\springfox-spring-web\2.8.0\springfox-spring-web-2.8.0.jar;D:\workspace\idea\girls\plug\maven\repo\org\reflections\reflections\0.9.11\reflections-0.9.11.jar;D:\workspace\idea\girls\plug\maven\repo\com\google\guava\guava\20.0\guava-20.0.jar;D:\workspace\idea\girls\plug\maven\repo\com\fasterxml\classmate\1.3.4\classmate-1.3.4.jar;D:\workspace\idea\girls\plug\maven\repo\org\slf4j\slf4j-api\1.7.25\slf4j-api-1.7.25.jar;D:\workspace\idea\girls\plug\maven\repo\org\springframework\plugin\spring-plugin-core\1.2.0.RELEASE\spring-plugin-core-1.2.0.RELEASE.jar;D:\workspace\idea\girls\plug\maven\repo\org\springframework\plugin\spring-plugin-metadata\1.2.0.RELEASE\spring-plugin-metadata-1.2.0.RELEASE.jar;D:\workspace\idea\girls\plug\maven\repo\org\mapstruct\mapstruct\1.2.0.Final\mapstruct-1.2.0.Final.jar;D:\workspace\idea\girls\plug\maven\repo\io\springfox\springfox-swagger-ui\2.8.0\springfox-swagger-ui-2.8.0.jar;, user.name=Magic, java.vm.specification.version=1.8, sun.java.command=D:\workspace\idea\girls\target\surefire\surefirebooter449553205229506414.jar D:\workspace\idea\girls\target\surefire\surefire6049865706440047001tmp D:\workspace\idea\girls\target\surefire\surefire_05500437349487783176tmp, java.home=C:\Program Files\Java\jdk1.8.0_91\jre, sun.arch.data.model=64, user.language=zh, java.specification.vendor=Oracle Corporation, awt.toolkit=sun.awt.windows.WToolkit, java.vm.info=mixed mode, java.version=1.8.0_91, java.ext.dirs=C:\Program Files\Java\jdk1.8.0_91\jre\lib\ext;C:\WINDOWS\Sun\Java\lib\ext, sun.boot.class.path=C:\Program Files\Java\jdk1.8.0_91\jre\lib\resources.jar;C:\Program Files\Java\jdk1.8.0_91\jre\lib\rt.jar;C:\Program Files\Java\jdk1.8.0_91\jre\lib\sunrsasign.jar;C:\Program Files\Java\jdk1.8.0_91\jre\lib\jsse.jar;C:\Program Files\Java\jdk1.8.0_91\jre\lib\jce.jar;C:\Program Files\Java\jdk1.8.0_91\jre\lib\charsets.jar;C:\Program Files\Java\jdk1.8.0_91\jre\lib\jfr.jar;C:\Program Files\Java\jdk1.8.0_91\jre\classes, java.vendor=Oracle Corporation, localRepository=D:\workspace\idea\girls\plug\maven\repo, file.separator=\, java.vendor.url.bug=http://bugreport.sun.com/bugreport/, sun.io.unicode.encoding=UnicodeLittle, sun.cpu.endian=little, sun.desktop=windows, sun.cpu.isalist=amd64}}, SystemEnvironmentPropertySource@992846223 {name='systemEnvironment', properties={PATH=C:\ProgramData\Oracle\Java\javapath;C:\Program Files (x86)\Intel\iCLS Client\;C:\Program Files\Intel\iCLS Client\;C:\Windows\system32;C:\Windows;C:\Windows\System32\Wbem;C:\Windows\System32\WindowsPowerShell\v1.0\;C:\Program Files (x86)\NVIDIA Corporation\PhysX\Common;C:\Program Files (x86)\Intel\Intel(R) Management Engine Components\DAL;C:\Program Files\Intel\Intel(R) Management Engine Components\DAL;C:\Program Files (x86)\Intel\Intel(R) Management Engine Components\IPT;C:\Program Files\Intel\Intel(R) Management Engine Components\IPT;C:\Program Files\Java\jdk1.8.0_91\bin;C:\Program Files\Java\jdk1.8.0_91\jre\bin;C:\WINDOWS\system32;C:\WINDOWS;C:\WINDOWS\System32\Wbem;C:\WINDOWS\System32\WindowsPowerShell\v1.0\;D:\plug\maven\apache-maven-3.5.0\bin;D:\Program Files (x86)\mysql;C:\Program Files\Intel\WiFi\bin\;C:\Program Files\Common Files\Intel\WirelessCommon\;C:\Program Files\TortoiseSVN\bin;C:\Users\Magic\AppData\Local\Microsoft\WindowsApps;D:\Program Files\Bandizip\;C:\Program Files\Intel\WiFi\bin\;C:\Program Files\Common Files\Intel\WirelessCommon\;, USERDOMAIN_ROAMINGPROFILE=DESKTOP-C1G5MO1, LOCALAPPDATA=C:\Users\Magic\AppData\Local, PROCESSOR_LEVEL=6, SYSTEMDRIVE=C:, COMMONPROGRAMFILES(X86)=C:\Program Files (x86)\Common Files, USERDOMAIN=DESKTOP-C1G5MO1, FPS_BROWSER_APP_PROFILE_STRING=Internet Explorer, LOGONSERVER=\\DESKTOP-C1G5MO1, JAVA_HOME=C:\Program Files\Java\jdk1.8.0_91, PROMPT=$P$G, SESSIONNAME=Console, ALLUSERSPROFILE=C:\ProgramData, PROGRAMFILES(X86)=C:\Program Files (x86), PROCESSOR_ARCHITECTURE=AMD64, PROGRAMFILES=C:\Program Files, APPDATA=C:\Users\Magic\AppData\Roaming, PSMODULEPATH=C:\Program Files\WindowsPowerShell\Modules;C:\WINDOWS\system32\WindowsPowerShell\v1.0\Modules, PROGRAMW6432=C:\Program Files, PROGRAMDATA=C:\ProgramData, SYSTEMROOT=C:\WINDOWS, USERNAME=Magic, VBOX_MSI_INSTALL_PATH=D:\Program Files\Oracle\VirtualBox\, FPS_BROWSER_USER_PROFILE_STRING=Default, ONEDRIVE=C:\Users\Magic\OneDrive, PATHEXT=.COM;.EXE;.BAT;.CMD;.VBS;.VBE;.JS;.JSE;.WSF;.WSH;.MSC, OS=Windows_NT, COMMONPROGRAMW6432=C:\Program Files\Common Files, COMPUTERNAME=DESKTOP-C1G5MO1, COMMONPROGRAMFILES=C:\Program Files\Common Files, COMSPEC=C:\WINDOWS\system32\cmd.exe, PROCESSOR_REVISION=9e09, CLASSPATH=.;C:\Program Files\Java\jdk1.8.0_91\lib\dt.jar;C:\Program Files\Java\jdk1.8.0_91\lib\tools.jar, WINDIR=C:\WINDOWS, =D:=D:\workspace\idea\girls, HOMEPATH=\Users\Magic, TEMP=C:\Users\Magic\AppData\Local\Temp, HOMEDRIVE=C:, PROCESSOR_IDENTIFIER=Intel64 Family 6 Model 158 Stepping 9, GenuineIntel, USERPROFILE=C:\Users\Magic, TMP=C:\Users\Magic\AppData\Local\Temp, M2_HOME=D:\plug\maven\apache-maven-3.5.0, PUBLIC=C:\Users\Public, NUMBER_OF_PROCESSORS=8, =::=::\}}]
16:17:42.730 [main] DEBUG org.springframework.core.io.support.PathMatchingResourcePatternResolver - Resolved classpath location [com/lss/dao/] to resources [URL [file:/D:/workspace/idea/girls/target/test-classes/com/lss/dao/]]
16:17:42.730 [main] DEBUG org.springframework.core.io.support.PathMatchingResourcePatternResolver - Looking for matching resources in directory tree [D:\workspace\idea\girls\target\test-classes\com\lss\dao]
16:17:42.730 [main] DEBUG org.springframework.core.io.support.PathMatchingResourcePatternResolver - Searching directory [D:\workspace\idea\girls\target\test-classes\com\lss\dao] for files matching pattern [D:/workspace/idea/girls/target/test-classes/com/lss/dao/*.class]
16:17:42.731 [main] DEBUG org.springframework.core.io.support.PathMatchingResourcePatternResolver - Resolved location pattern [classpath*:com/lss/dao/*.class] to resources [file [D:\workspace\idea\girls\target\test-classes\com\lss\dao\GirlRepositoryTest.class]]
16:17:42.733 [main] DEBUG org.springframework.core.io.support.PathMatchingResourcePatternResolver - Resolved classpath location [com/lss/] to resources [URL [file:/D:/workspace/idea/girls/target/test-classes/com/lss/], URL [file:/D:/workspace/idea/girls/target/classes/com/lss/]]
16:17:42.733 [main] DEBUG org.springframework.core.io.support.PathMatchingResourcePatternResolver - Looking for matching resources in directory tree [D:\workspace\idea\girls\target\test-classes\com\lss]
16:17:42.733 [main] DEBUG org.springframework.core.io.support.PathMatchingResourcePatternResolver - Searching directory [D:\workspace\idea\girls\target\test-classes\com\lss] for files matching pattern [D:/workspace/idea/girls/target/test-classes/com/lss/*.class]
16:17:42.733 [main] DEBUG org.springframework.core.io.support.PathMatchingResourcePatternResolver - Looking for matching resources in directory tree [D:\workspace\idea\girls\target\classes\com\lss]
16:17:42.733 [main] DEBUG org.springframework.core.io.support.PathMatchingResourcePatternResolver - Searching directory [D:\workspace\idea\girls\target\classes\com\lss] for files matching pattern [D:/workspace/idea/girls/target/classes/com/lss/*.class]
16:17:42.733 [main] DEBUG org.springframework.core.io.support.PathMatchingResourcePatternResolver - Resolved location pattern [classpath*:com/lss/*.class] to resources []
16:17:42.734 [main] DEBUG org.springframework.core.io.support.PathMatchingResourcePatternResolver - Resolved classpath location [com/] to resources [URL [file:/D:/workspace/idea/girls/target/test-classes/com/], URL [file:/D:/workspace/idea/girls/target/classes/com/], URL [jar:file:/D:/workspace/idea/girls/plug/maven/repo/com/fasterxml/jackson/core/jackson-databind/2.8.10/jackson-databind-2.8.10.jar!/com/], URL [jar:file:/D:/workspace/idea/girls/plug/maven/repo/com/fasterxml/jackson/core/jackson-annotations/2.8.0/jackson-annotations-2.8.0.jar!/com/], URL [jar:file:/D:/workspace/idea/girls/plug/maven/repo/com/fasterxml/jackson/core/jackson-core/2.8.10/jackson-core-2.8.10.jar!/com/], URL [jar:file:/D:/workspace/idea/girls/plug/maven/repo/mysql/mysql-connector-java/5.1.45/mysql-connector-java-5.1.45.jar!/com/], URL [jar:file:/D:/workspace/idea/girls/plug/maven/repo/com/jayway/jsonpath/json-path/2.2.0/json-path-2.2.0.jar!/com/], URL [jar:file:/D:/workspace/idea/girls/plug/maven/repo/com/google/guava/guava/20.0/guava-20.0.jar!/com/], URL [jar:file:/D:/workspace/idea/girls/plug/maven/repo/com/fasterxml/classmate/1.3.4/classmate-1.3.4.jar!/com/]]
16:17:42.735 [main] DEBUG org.springframework.core.io.support.PathMatchingResourcePatternResolver - Looking for matching resources in directory tree [D:\workspace\idea\girls\target\test-classes\com]
16:17:42.735 [main] DEBUG org.springframework.core.io.support.PathMatchingResourcePatternResolver - Searching directory [D:\workspace\idea\girls\target\test-classes\com] for files matching pattern [D:/workspace/idea/girls/target/test-classes/com/*.class]
16:17:42.735 [main] DEBUG org.springframework.core.io.support.PathMatchingResourcePatternResolver - Looking for matching resources in directory tree [D:\workspace\idea\girls\target\classes\com]
16:17:42.735 [main] DEBUG org.springframework.core.io.support.PathMatchingResourcePatternResolver - Searching directory [D:\workspace\idea\girls\target\classes\com] for files matching pattern [D:/workspace/idea/girls/target/classes/com/*.class]
16:17:42.736 [main] DEBUG org.springframework.core.io.support.PathMatchingResourcePatternResolver - Looking for matching resources in jar file [file:/D:/workspace/idea/girls/plug/maven/repo/com/fasterxml/jackson/core/jackson-databind/2.8.10/jackson-databind-2.8.10.jar]
16:17:42.738 [main] DEBUG org.springframework.core.io.support.PathMatchingResourcePatternResolver - Looking for matching resources in jar file [file:/D:/workspace/idea/girls/plug/maven/repo/com/fasterxml/jackson/core/jackson-annotations/2.8.0/jackson-annotations-2.8.0.jar]
16:17:42.739 [main] DEBUG org.springframework.core.io.support.PathMatchingResourcePatternResolver - Looking for matching resources in jar file [file:/D:/workspace/idea/girls/plug/maven/repo/com/fasterxml/jackson/core/jackson-core/2.8.10/jackson-core-2.8.10.jar]
16:17:42.745 [main] DEBUG org.springframework.core.io.support.PathMatchingResourcePatternResolver - Looking for matching resources in jar file [file:/D:/workspace/idea/girls/plug/maven/repo/mysql/mysql-connector-java/5.1.45/mysql-connector-java-5.1.45.jar]
16:17:42.747 [main] DEBUG org.springframework.core.io.support.PathMatchingResourcePatternResolver - Looking for matching resources in jar file [file:/D:/workspace/idea/girls/plug/maven/repo/com/jayway/jsonpath/json-path/2.2.0/json-path-2.2.0.jar]
16:17:42.748 [main] DEBUG org.springframework.core.io.support.PathMatchingResourcePatternResolver - Looking for matching resources in jar file [file:/D:/workspace/idea/girls/plug/maven/repo/com/google/guava/guava/20.0/guava-20.0.jar]
16:17:42.756 [main] DEBUG org.springframework.core.io.support.PathMatchingResourcePatternResolver - Looking for matching resources in jar file [file:/D:/workspace/idea/girls/plug/maven/repo/com/fasterxml/classmate/1.3.4/classmate-1.3.4.jar]
16:17:42.756 [main] DEBUG org.springframework.core.io.support.PathMatchingResourcePatternResolver - Resolved location pattern [classpath*:com/*.class] to resources []
]]></system-out>
  </testcase>
</testsuite>